==================================================
Algorithm: FedROD
Local batch size: 64
Local steps: 5
Local learing rate: 0.01
Total number of clients: 20
Clients join in each round: 0.4
Client drop rate: 0.0
Time select: False
Time threthold: 10000
Global rounds: 100
Running times: 1
Dataset: Cifar100
Local model: cnn
Using device: cuda
Cuda device id: 0
==================================================

============= Running time: 0th =============
Creating server and clients ...

Join ratio / total clients: 0.4 / 20
Finished creating server and clients.

-------------Round number: 0-------------

Evaluate global model
Averaged Train Loss: 6.2379
Averaged Test Accurancy: 0.0069
Averaged Test AUC: 0.4828
Std Test Accurancy: 0.0059
Std Test AUC: 0.0761

-------------Round number: 1-------------

Evaluate global model
Averaged Train Loss: 6.2398
Averaged Test Accurancy: 0.0752
Averaged Test AUC: 0.6793
Std Test Accurancy: 0.0757
Std Test AUC: 0.1885

-------------Round number: 2-------------

Evaluate global model
Averaged Train Loss: 6.2951
Averaged Test Accurancy: 0.1203
Averaged Test AUC: 0.8042
Std Test Accurancy: 0.0964
Std Test AUC: 0.1497

-------------Round number: 3-------------

Evaluate global model
Averaged Train Loss: 6.5102
Averaged Test Accurancy: 0.1559
Averaged Test AUC: 0.8249
Std Test Accurancy: 0.1093
Std Test AUC: 0.1312

-------------Round number: 4-------------

Evaluate global model
Averaged Train Loss: 6.5423
Averaged Test Accurancy: 0.2551
Averaged Test AUC: 0.9409
Std Test Accurancy: 0.0462
Std Test AUC: 0.0191

-------------Round number: 5-------------

Evaluate global model
Averaged Train Loss: 6.6545
Averaged Test Accurancy: 0.2613
Averaged Test AUC: 0.9484
Std Test Accurancy: 0.0483
Std Test AUC: 0.0162

-------------Round number: 6-------------

Evaluate global model
Averaged Train Loss: 6.7238
Averaged Test Accurancy: 0.2715
Averaged Test AUC: 0.9472
Std Test Accurancy: 0.0386
Std Test AUC: 0.0152

-------------Round number: 7-------------

Evaluate global model
Averaged Train Loss: 6.7530
Averaged Test Accurancy: 0.2934
Averaged Test AUC: 0.9541
Std Test Accurancy: 0.0442
Std Test AUC: 0.0118

-------------Round number: 8-------------

Evaluate global model
Averaged Train Loss: 6.8337
Averaged Test Accurancy: 0.2987
Averaged Test AUC: 0.9546
Std Test Accurancy: 0.0392
Std Test AUC: 0.0115

-------------Round number: 9-------------

Evaluate global model
Averaged Train Loss: 6.8773
Averaged Test Accurancy: 0.3310
Averaged Test AUC: 0.9561
Std Test Accurancy: 0.0504
Std Test AUC: 0.0102

-------------Round number: 10-------------

Evaluate global model
Averaged Train Loss: 6.9084
Averaged Test Accurancy: 0.3338
Averaged Test AUC: 0.9599
Std Test Accurancy: 0.0450
Std Test AUC: 0.0083

-------------Round number: 11-------------

Evaluate global model
Averaged Train Loss: 6.9996
Averaged Test Accurancy: 0.3513
Averaged Test AUC: 0.9615
Std Test Accurancy: 0.0388
Std Test AUC: 0.0074

-------------Round number: 12-------------

Evaluate global model
Averaged Train Loss: 6.9299
Averaged Test Accurancy: 0.3643
Averaged Test AUC: 0.9649
Std Test Accurancy: 0.0330
Std Test AUC: 0.0061

-------------Round number: 13-------------

Evaluate global model
Averaged Train Loss: 7.0806
Averaged Test Accurancy: 0.3679
Averaged Test AUC: 0.9658
Std Test Accurancy: 0.0374
Std Test AUC: 0.0066

-------------Round number: 14-------------

Evaluate global model
Averaged Train Loss: 7.1218
Averaged Test Accurancy: 0.3859
Averaged Test AUC: 0.9640
Std Test Accurancy: 0.0234
Std Test AUC: 0.0082

-------------Round number: 15-------------

Evaluate global model
Averaged Train Loss: 7.2920
Averaged Test Accurancy: 0.3887
Averaged Test AUC: 0.9670
Std Test Accurancy: 0.0509
Std Test AUC: 0.0089

-------------Round number: 16-------------

Evaluate global model
Averaged Train Loss: 7.3213
Averaged Test Accurancy: 0.3933
Averaged Test AUC: 0.9675
Std Test Accurancy: 0.0421
Std Test AUC: 0.0048

-------------Round number: 17-------------

Evaluate global model
Averaged Train Loss: 7.4412
Averaged Test Accurancy: 0.3831
Averaged Test AUC: 0.9653
Std Test Accurancy: 0.0485
Std Test AUC: 0.0094

-------------Round number: 18-------------

Evaluate global model
Averaged Train Loss: 7.5682
Averaged Test Accurancy: 0.4085
Averaged Test AUC: 0.9664
Std Test Accurancy: 0.0304
Std Test AUC: 0.0076

-------------Round number: 19-------------

Evaluate global model
Averaged Train Loss: 7.6173
Averaged Test Accurancy: 0.3842
Averaged Test AUC: 0.9673
Std Test Accurancy: 0.0429
Std Test AUC: 0.0072

-------------Round number: 20-------------

Evaluate global model
Averaged Train Loss: 7.7656
Averaged Test Accurancy: 0.4221
Averaged Test AUC: 0.9715
Std Test Accurancy: 0.0289
Std Test AUC: 0.0044

-------------Round number: 21-------------

Evaluate global model
Averaged Train Loss: 7.9203
Averaged Test Accurancy: 0.4087
Averaged Test AUC: 0.9668
Std Test Accurancy: 0.0561
Std Test AUC: 0.0083

-------------Round number: 22-------------

Evaluate global model
Averaged Train Loss: 7.9582
Averaged Test Accurancy: 0.4450
Averaged Test AUC: 0.9684
Std Test Accurancy: 0.0245
Std Test AUC: 0.0071

-------------Round number: 23-------------

Evaluate global model
Averaged Train Loss: 8.2988
Averaged Test Accurancy: 0.4266
Averaged Test AUC: 0.9692
Std Test Accurancy: 0.0582
Std Test AUC: 0.0083

-------------Round number: 24-------------

Evaluate global model
Averaged Train Loss: 8.1951
Averaged Test Accurancy: 0.4441
Averaged Test AUC: 0.9725
Std Test Accurancy: 0.0271
Std Test AUC: 0.0038

-------------Round number: 25-------------

Evaluate global model
Averaged Train Loss: 8.4767
Averaged Test Accurancy: 0.4231
Averaged Test AUC: 0.9684
Std Test Accurancy: 0.0453
Std Test AUC: 0.0081

-------------Round number: 26-------------

Evaluate global model
Averaged Train Loss: 8.4241
Averaged Test Accurancy: 0.4498
Averaged Test AUC: 0.9730
Std Test Accurancy: 0.0322
Std Test AUC: 0.0036

-------------Round number: 27-------------

Evaluate global model
Averaged Train Loss: 8.9912
Averaged Test Accurancy: 0.4253
Averaged Test AUC: 0.9685
Std Test Accurancy: 0.0261
Std Test AUC: 0.0077

-------------Round number: 28-------------

Evaluate global model
Averaged Train Loss: 9.0434
Averaged Test Accurancy: 0.4433
Averaged Test AUC: 0.9712
Std Test Accurancy: 0.0408
Std Test AUC: 0.0050

-------------Round number: 29-------------

Evaluate global model
Averaged Train Loss: 9.1608
Averaged Test Accurancy: 0.4476
Averaged Test AUC: 0.9724
Std Test Accurancy: 0.0210
Std Test AUC: 0.0032

-------------Round number: 30-------------

Evaluate global model
Averaged Train Loss: 9.5575
Averaged Test Accurancy: 0.4470
Averaged Test AUC: 0.9698
Std Test Accurancy: 0.0391
Std Test AUC: 0.0049

-------------Round number: 31-------------

Evaluate global model
Averaged Train Loss: 9.6021
Averaged Test Accurancy: 0.4422
Averaged Test AUC: 0.9687
Std Test Accurancy: 0.0209
Std Test AUC: 0.0070

-------------Round number: 32-------------

Evaluate global model
Averaged Train Loss: 9.9988
Averaged Test Accurancy: 0.4531
Averaged Test AUC: 0.9713
Std Test Accurancy: 0.0234
Std Test AUC: 0.0050

-------------Round number: 33-------------

Evaluate global model
Averaged Train Loss: 10.1182
Averaged Test Accurancy: 0.4273
Averaged Test AUC: 0.9674
Std Test Accurancy: 0.0503
Std Test AUC: 0.0074

-------------Round number: 34-------------

Evaluate global model
Averaged Train Loss: 10.4639
Averaged Test Accurancy: 0.4429
Averaged Test AUC: 0.9690
Std Test Accurancy: 0.0345
Std Test AUC: 0.0048

-------------Round number: 35-------------

Evaluate global model
Averaged Train Loss: 10.4801
Averaged Test Accurancy: 0.4432
Averaged Test AUC: 0.9662
Std Test Accurancy: 0.0578
Std Test AUC: 0.0085

-------------Round number: 36-------------

Evaluate global model
Averaged Train Loss: 10.8088
Averaged Test Accurancy: 0.4390
Averaged Test AUC: 0.9673
Std Test Accurancy: 0.0446
Std Test AUC: 0.0085

-------------Round number: 37-------------

Evaluate global model
Averaged Train Loss: 11.0599
Averaged Test Accurancy: 0.4420
Averaged Test AUC: 0.9676
Std Test Accurancy: 0.0462
Std Test AUC: 0.0084

-------------Round number: 38-------------

Evaluate global model
Averaged Train Loss: 11.5108
Averaged Test Accurancy: 0.4290
Averaged Test AUC: 0.9675
Std Test Accurancy: 0.0484
Std Test AUC: 0.0081

-------------Round number: 39-------------

Evaluate global model
Averaged Train Loss: 11.8149
Averaged Test Accurancy: 0.4440
Averaged Test AUC: 0.9667
Std Test Accurancy: 0.0214
Std Test AUC: 0.0069

-------------Round number: 40-------------

Evaluate global model
Averaged Train Loss: 12.0437
Averaged Test Accurancy: 0.4454
Averaged Test AUC: 0.9665
Std Test Accurancy: 0.0296
Std Test AUC: 0.0058

-------------Round number: 41-------------

Evaluate global model
Averaged Train Loss: 12.2788
Averaged Test Accurancy: 0.4481
Averaged Test AUC: 0.9676
Std Test Accurancy: 0.0225
Std Test AUC: 0.0061

-------------Round number: 42-------------

Evaluate global model
Averaged Train Loss: 12.5288
Averaged Test Accurancy: 0.4551
Averaged Test AUC: 0.9677
Std Test Accurancy: 0.0330
Std Test AUC: 0.0045

-------------Round number: 43-------------

Evaluate global model
Averaged Train Loss: 13.0013
Averaged Test Accurancy: 0.4447
Averaged Test AUC: 0.9662
Std Test Accurancy: 0.0267
Std Test AUC: 0.0070

-------------Round number: 44-------------

Evaluate global model
Averaged Train Loss: 13.4715
Averaged Test Accurancy: 0.4377
Averaged Test AUC: 0.9659
Std Test Accurancy: 0.0266
Std Test AUC: 0.0040

-------------Round number: 45-------------

Evaluate global model
Averaged Train Loss: 13.8961
Averaged Test Accurancy: 0.4404
Averaged Test AUC: 0.9644
Std Test Accurancy: 0.0555
Std Test AUC: 0.0075

-------------Round number: 46-------------

Evaluate global model
Averaged Train Loss: 13.9329
Averaged Test Accurancy: 0.4421
Averaged Test AUC: 0.9648
Std Test Accurancy: 0.0350
Std Test AUC: 0.0063

-------------Round number: 47-------------

Evaluate global model
Averaged Train Loss: 14.2567
Averaged Test Accurancy: 0.4529
Averaged Test AUC: 0.9669
Std Test Accurancy: 0.0296
Std Test AUC: 0.0031

-------------Round number: 48-------------

Evaluate global model
Averaged Train Loss: 14.9074
Averaged Test Accurancy: 0.4412
Averaged Test AUC: 0.9656
Std Test Accurancy: 0.0330
Std Test AUC: 0.0038

-------------Round number: 49-------------

Evaluate global model
Averaged Train Loss: 14.9032
Averaged Test Accurancy: 0.4420
Averaged Test AUC: 0.9652
Std Test Accurancy: 0.0290
Std Test AUC: 0.0069

-------------Round number: 50-------------

Evaluate global model
Averaged Train Loss: 14.8050
Averaged Test Accurancy: 0.4504
Averaged Test AUC: 0.9629
Std Test Accurancy: 0.0287
Std Test AUC: 0.0061

-------------Round number: 51-------------

Evaluate global model
Averaged Train Loss: 16.0812
Averaged Test Accurancy: 0.4348
Averaged Test AUC: 0.9648
Std Test Accurancy: 0.0281
Std Test AUC: 0.0071

-------------Round number: 52-------------

Evaluate global model
Averaged Train Loss: 15.5721
Averaged Test Accurancy: 0.4504
Averaged Test AUC: 0.9643
Std Test Accurancy: 0.0304
Std Test AUC: 0.0061

-------------Round number: 53-------------

Evaluate global model
Averaged Train Loss: 16.0331
Averaged Test Accurancy: 0.4380
Averaged Test AUC: 0.9645
Std Test Accurancy: 0.0277
Std Test AUC: 0.0065

-------------Round number: 54-------------

Evaluate global model
Averaged Train Loss: 16.9683
Averaged Test Accurancy: 0.4198
Averaged Test AUC: 0.9613
Std Test Accurancy: 0.0390
Std Test AUC: 0.0078

-------------Round number: 55-------------

Evaluate global model
Averaged Train Loss: 16.9885
Averaged Test Accurancy: 0.4291
Averaged Test AUC: 0.9651
Std Test Accurancy: 0.0185
Std Test AUC: 0.0050

-------------Round number: 56-------------

Evaluate global model
Averaged Train Loss: 16.9792
Averaged Test Accurancy: 0.4325
Averaged Test AUC: 0.9643
Std Test Accurancy: 0.0229
Std Test AUC: 0.0045

-------------Round number: 57-------------

Evaluate global model
Averaged Train Loss: 17.1963
Averaged Test Accurancy: 0.4531
Averaged Test AUC: 0.9647
Std Test Accurancy: 0.0234
Std Test AUC: 0.0064

-------------Round number: 58-------------

Evaluate global model
Averaged Train Loss: 17.7885
Averaged Test Accurancy: 0.4360
Averaged Test AUC: 0.9627
Std Test Accurancy: 0.0327
Std Test AUC: 0.0063

-------------Round number: 59-------------

Evaluate global model
Averaged Train Loss: 18.2131
Averaged Test Accurancy: 0.4489
Averaged Test AUC: 0.9626
Std Test Accurancy: 0.0322
Std Test AUC: 0.0060

-------------Round number: 60-------------

Evaluate global model
Averaged Train Loss: 18.5235
Averaged Test Accurancy: 0.4476
Averaged Test AUC: 0.9637
Std Test Accurancy: 0.0168
Std Test AUC: 0.0061

-------------Round number: 61-------------

Evaluate global model
Averaged Train Loss: 18.9771
Averaged Test Accurancy: 0.4178
Averaged Test AUC: 0.9626
Std Test Accurancy: 0.0448
Std Test AUC: 0.0093

-------------Round number: 62-------------

Evaluate global model
Averaged Train Loss: 19.1141
Averaged Test Accurancy: 0.4302
Averaged Test AUC: 0.9612
Std Test Accurancy: 0.0495
Std Test AUC: 0.0081

-------------Round number: 63-------------

Evaluate global model
Averaged Train Loss: 18.8590
Averaged Test Accurancy: 0.4344
Averaged Test AUC: 0.9636
Std Test Accurancy: 0.0200
Std Test AUC: 0.0043

-------------Round number: 64-------------

Evaluate global model
Averaged Train Loss: 19.5880
Averaged Test Accurancy: 0.4583
Averaged Test AUC: 0.9632
Std Test Accurancy: 0.0304
Std Test AUC: 0.0061

-------------Round number: 65-------------

Evaluate global model
Averaged Train Loss: 19.3622
Averaged Test Accurancy: 0.4291
Averaged Test AUC: 0.9611
Std Test Accurancy: 0.0406
Std Test AUC: 0.0083

-------------Round number: 66-------------

Evaluate global model
Averaged Train Loss: 19.7858
Averaged Test Accurancy: 0.4413
Averaged Test AUC: 0.9633
Std Test Accurancy: 0.0292
Std Test AUC: 0.0048

-------------Round number: 67-------------

Evaluate global model
Averaged Train Loss: 20.0941
Averaged Test Accurancy: 0.4375
Averaged Test AUC: 0.9643
Std Test Accurancy: 0.0193
Std Test AUC: 0.0050

-------------Round number: 68-------------

Evaluate global model
Averaged Train Loss: 20.3873
Averaged Test Accurancy: 0.4394
Averaged Test AUC: 0.9591
Std Test Accurancy: 0.0508
Std Test AUC: 0.0082

-------------Round number: 69-------------

Evaluate global model
Averaged Train Loss: 20.6587
Averaged Test Accurancy: 0.4303
Averaged Test AUC: 0.9594
Std Test Accurancy: 0.0545
Std Test AUC: 0.0080

-------------Round number: 70-------------

Evaluate global model
Averaged Train Loss: 20.5830
Averaged Test Accurancy: 0.4501
Averaged Test AUC: 0.9657
Std Test Accurancy: 0.0310
Std Test AUC: 0.0039

-------------Round number: 71-------------

Evaluate global model
Averaged Train Loss: 21.0459
Averaged Test Accurancy: 0.4183
Averaged Test AUC: 0.9575
Std Test Accurancy: 0.0400
Std Test AUC: 0.0085

-------------Round number: 72-------------

Evaluate global model
Averaged Train Loss: 21.1564
Averaged Test Accurancy: 0.4445
Averaged Test AUC: 0.9624
Std Test Accurancy: 0.0424
Std Test AUC: 0.0048

-------------Round number: 73-------------

Evaluate global model
Averaged Train Loss: 21.3928
Averaged Test Accurancy: 0.4464
Averaged Test AUC: 0.9628
Std Test Accurancy: 0.0411
Std Test AUC: 0.0049

-------------Round number: 74-------------

Evaluate global model
Averaged Train Loss: 21.5073
Averaged Test Accurancy: 0.4280
Averaged Test AUC: 0.9595
Std Test Accurancy: 0.0373
Std Test AUC: 0.0064

-------------Round number: 75-------------

Evaluate global model
Averaged Train Loss: 21.6525
Averaged Test Accurancy: 0.4381
Averaged Test AUC: 0.9597
Std Test Accurancy: 0.0335
Std Test AUC: 0.0061

-------------Round number: 76-------------

Evaluate global model
Averaged Train Loss: 21.9081
Averaged Test Accurancy: 0.4276
Averaged Test AUC: 0.9587
Std Test Accurancy: 0.0514
Std Test AUC: 0.0082

-------------Round number: 77-------------

Evaluate global model
Averaged Train Loss: 21.6034
Averaged Test Accurancy: 0.4218
Averaged Test AUC: 0.9618
Std Test Accurancy: 0.0217
Std Test AUC: 0.0060

-------------Round number: 78-------------

Evaluate global model
Averaged Train Loss: 22.1960
Averaged Test Accurancy: 0.4505
Averaged Test AUC: 0.9613
Std Test Accurancy: 0.0406
Std Test AUC: 0.0053

-------------Round number: 79-------------

Evaluate global model
Averaged Train Loss: 22.3287
Averaged Test Accurancy: 0.4378
Averaged Test AUC: 0.9622
Std Test Accurancy: 0.0358
Std Test AUC: 0.0052

-------------Round number: 80-------------

Evaluate global model
Averaged Train Loss: 22.6816
Averaged Test Accurancy: 0.4242
Averaged Test AUC: 0.9578
Std Test Accurancy: 0.0463
Std Test AUC: 0.0070

-------------Round number: 81-------------

Evaluate global model
Averaged Train Loss: 23.0113
Averaged Test Accurancy: 0.4349
Averaged Test AUC: 0.9599
Std Test Accurancy: 0.0332
Std Test AUC: 0.0052

-------------Round number: 82-------------

Evaluate global model
Averaged Train Loss: 23.2730
Averaged Test Accurancy: 0.4412
Averaged Test AUC: 0.9609
Std Test Accurancy: 0.0319
Std Test AUC: 0.0072

-------------Round number: 83-------------

Evaluate global model
Averaged Train Loss: 22.8984
Averaged Test Accurancy: 0.4291
Averaged Test AUC: 0.9594
Std Test Accurancy: 0.0461
Std Test AUC: 0.0092

-------------Round number: 84-------------

Evaluate global model
Averaged Train Loss: 23.0756
Averaged Test Accurancy: 0.4245
Averaged Test AUC: 0.9575
Std Test Accurancy: 0.0265
Std Test AUC: 0.0055

-------------Round number: 85-------------

Evaluate global model
Averaged Train Loss: 23.0341
Averaged Test Accurancy: 0.4304
Averaged Test AUC: 0.9636
Std Test Accurancy: 0.0254
Std Test AUC: 0.0053

-------------Round number: 86-------------

Evaluate global model
Averaged Train Loss: 23.5269
Averaged Test Accurancy: 0.4293
Averaged Test AUC: 0.9591
Std Test Accurancy: 0.0441
Std Test AUC: 0.0090

-------------Round number: 87-------------

Evaluate global model
Averaged Train Loss: 22.9386
Averaged Test Accurancy: 0.4246
Averaged Test AUC: 0.9606
Std Test Accurancy: 0.0432
Std Test AUC: 0.0091

-------------Round number: 88-------------

Evaluate global model
Averaged Train Loss: 23.5127
Averaged Test Accurancy: 0.4249
Averaged Test AUC: 0.9564
Std Test Accurancy: 0.0504
Std Test AUC: 0.0076

-------------Round number: 89-------------

Evaluate global model
Averaged Train Loss: 23.4681
Averaged Test Accurancy: 0.4373
Averaged Test AUC: 0.9605
Std Test Accurancy: 0.0191
Std Test AUC: 0.0066

-------------Round number: 90-------------

Evaluate global model
Averaged Train Loss: 23.9763
Averaged Test Accurancy: 0.4227
Averaged Test AUC: 0.9603
Std Test Accurancy: 0.0464
Std Test AUC: 0.0097

-------------Round number: 91-------------

Evaluate global model
Averaged Train Loss: 24.0553
Averaged Test Accurancy: 0.4276
Averaged Test AUC: 0.9599
Std Test Accurancy: 0.0560
Std Test AUC: 0.0098

-------------Round number: 92-------------

Evaluate global model
Averaged Train Loss: 23.6899
Averaged Test Accurancy: 0.4405
Averaged Test AUC: 0.9600
Std Test Accurancy: 0.0529
Std Test AUC: 0.0086

-------------Round number: 93-------------

Evaluate global model
Averaged Train Loss: 24.6324
Averaged Test Accurancy: 0.4292
Averaged Test AUC: 0.9572
Std Test Accurancy: 0.0282
Std Test AUC: 0.0061

-------------Round number: 94-------------

Evaluate global model
Averaged Train Loss: 24.5937
Averaged Test Accurancy: 0.4107
Averaged Test AUC: 0.9553
Std Test Accurancy: 0.0470
Std Test AUC: 0.0076

-------------Round number: 95-------------

Evaluate global model
Averaged Train Loss: 25.1146
Averaged Test Accurancy: 0.4330
Averaged Test AUC: 0.9628
Std Test Accurancy: 0.0258
Std Test AUC: 0.0061

-------------Round number: 96-------------

Evaluate global model
Averaged Train Loss: 24.4886
Averaged Test Accurancy: 0.4062
Averaged Test AUC: 0.9567
Std Test Accurancy: 0.0387
Std Test AUC: 0.0080

-------------Round number: 97-------------

Evaluate global model
Averaged Train Loss: 25.1333
Averaged Test Accurancy: 0.4237
Averaged Test AUC: 0.9557
Std Test Accurancy: 0.0472
Std Test AUC: 0.0092

-------------Round number: 98-------------

Evaluate global model
Averaged Train Loss: 24.9684
Averaged Test Accurancy: 0.4337
Averaged Test AUC: 0.9609
Std Test Accurancy: 0.0289
Std Test AUC: 0.0051

-------------Round number: 99-------------

Evaluate global model
Averaged Train Loss: 25.4368
Averaged Test Accurancy: 0.4186
Averaged Test AUC: 0.9574
Std Test Accurancy: 0.0419
Std Test AUC: 0.0094

-------------Round number: 100-------------

Evaluate global model
Averaged Train Loss: 24.7073
Averaged Test Accurancy: 0.4325
Averaged Test AUC: 0.9589
Std Test Accurancy: 0.0334
Std Test AUC: 0.0048

Best global accuracy.
0.45829212001318825
File path: ../results/Cifar100_FedROD_reproduce_0.h5

Average time cost: 879.65s.
Length:  101
std for best accurancy: 0.0
mean for best accurancy: 0.45829212001318825
All done!

Storage on cuda:0
-------------------------------------------------------------------------------
Total Tensors: 60409896 	Used Memory: 156.02M
The allocated memory on cuda:0: 156.02M
-------------------------------------------------------------------------------

Storage on cpu
-------------------------------------------------------------------------------
Total Tensors: 368762000 	Used Memory: 703.60M
-------------------------------------------------------------------------------
