nohup: ignoring input
==================================================
Algorithm: FedPer
Local batch size: 64
Local steps: 5
Local learing rate: 0.01
Total number of clients: 20
Clients join in each round: 0.4
Client drop rate: 0.0
Time select: False
Time threthold: 10000
Global rounds: 100
Running times: 1
Dataset: Cifar100
Local model: cnn
Using device: cuda
use yd partition:1
Cuda device id: 1
==================================================

============= Running time: 0th =============
Creating server and clients ...

Join ratio / total clients: 0.4 / 20
Finished creating server and clients.

-------------Round number: 0-------------
Selected clients [19, 12, 4, 10, 11, 6, 15, 3]

Evaluate local models
Averaged Train Loss: 2.6587
Averaged Test Accurancy: 0.2549
Averaged Test AUC: 0.9272
Std Test Accurancy: 0.0438
Std Test AUC: 0.0161
------------------------- time cost ------------------------- 9.193636417388916

-------------Round number: 1-------------
Selected clients [19, 3, 13, 17, 4, 18, 12, 9]

Evaluate local models
Averaged Train Loss: 2.5363
Averaged Test Accurancy: 0.2661
Averaged Test AUC: 0.9352
Std Test Accurancy: 0.0595
Std Test AUC: 0.0151
------------------------- time cost ------------------------- 7.999189615249634

-------------Round number: 2-------------
Selected clients [1, 16, 2, 3, 9, 6, 8, 11]

Evaluate local models
Averaged Train Loss: 2.3394
Averaged Test Accurancy: 0.3073
Averaged Test AUC: 0.9429
Std Test Accurancy: 0.0374
Std Test AUC: 0.0072
------------------------- time cost ------------------------- 8.422622919082642

-------------Round number: 3-------------
Selected clients [18, 7, 11, 12, 6, 1, 2, 10]

Evaluate local models
Averaged Train Loss: 2.2449
Averaged Test Accurancy: 0.3317
Averaged Test AUC: 0.9484
Std Test Accurancy: 0.0480
Std Test AUC: 0.0067
------------------------- time cost ------------------------- 8.358688592910767

-------------Round number: 4-------------
Selected clients [12, 8, 18, 3, 5, 17, 16, 11]

Evaluate local models
Averaged Train Loss: 2.1799
Averaged Test Accurancy: 0.3384
Averaged Test AUC: 0.9474
Std Test Accurancy: 0.0419
Std Test AUC: 0.0099
------------------------- time cost ------------------------- 8.289974212646484

-------------Round number: 5-------------
Selected clients [2, 11, 19, 14, 4, 3, 16, 15]

Evaluate local models
Averaged Train Loss: 2.1907
Averaged Test Accurancy: 0.3352
Averaged Test AUC: 0.9417
Std Test Accurancy: 0.0459
Std Test AUC: 0.0120
------------------------- time cost ------------------------- 8.22059941291809

-------------Round number: 6-------------
Selected clients [0, 4, 14, 9, 6, 19, 10, 1]

Evaluate local models
Averaged Train Loss: 2.1539
Averaged Test Accurancy: 0.3386
Averaged Test AUC: 0.9438
Std Test Accurancy: 0.0460
Std Test AUC: 0.0140
------------------------- time cost ------------------------- 8.058767557144165

-------------Round number: 7-------------
Selected clients [7, 14, 9, 5, 18, 17, 13, 12]

Evaluate local models
Averaged Train Loss: 2.0580
Averaged Test Accurancy: 0.3508
Averaged Test AUC: 0.9524
Std Test Accurancy: 0.0483
Std Test AUC: 0.0073
------------------------- time cost ------------------------- 8.241307973861694

-------------Round number: 8-------------
Selected clients [16, 11, 1, 17, 6, 4, 13, 9]

Evaluate local models
Averaged Train Loss: 2.0138
Averaged Test Accurancy: 0.3576
Averaged Test AUC: 0.9471
Std Test Accurancy: 0.0481
Std Test AUC: 0.0098
------------------------- time cost ------------------------- 8.260225772857666

-------------Round number: 9-------------
Selected clients [13, 14, 8, 1, 19, 0, 12, 11]

Evaluate local models
Averaged Train Loss: 1.8665
Averaged Test Accurancy: 0.3977
Averaged Test AUC: 0.9544
Std Test Accurancy: 0.0252
Std Test AUC: 0.0113
------------------------- time cost ------------------------- 8.252077341079712

-------------Round number: 10-------------
Selected clients [13, 11, 15, 6, 0, 7, 4, 18]

Evaluate local models
Averaged Train Loss: 1.8681
Averaged Test Accurancy: 0.3762
Averaged Test AUC: 0.9555
Std Test Accurancy: 0.0527
Std Test AUC: 0.0127
------------------------- time cost ------------------------- 8.200424671173096

-------------Round number: 11-------------
Selected clients [5, 18, 11, 10, 0, 12, 16, 7]

Evaluate local models
Averaged Train Loss: 1.7693
Averaged Test Accurancy: 0.3847
Averaged Test AUC: 0.9563
Std Test Accurancy: 0.0343
Std Test AUC: 0.0085
------------------------- time cost ------------------------- 8.366097927093506

-------------Round number: 12-------------
Selected clients [9, 7, 6, 14, 2, 16, 12, 3]

Evaluate local models
Averaged Train Loss: 1.7095
Averaged Test Accurancy: 0.4083
Averaged Test AUC: 0.9564
Std Test Accurancy: 0.0384
Std Test AUC: 0.0052
------------------------- time cost ------------------------- 8.497092485427856

-------------Round number: 13-------------
Selected clients [4, 6, 5, 9, 19, 8, 10, 13]

Evaluate local models
Averaged Train Loss: 1.7781
Averaged Test Accurancy: 0.3579
Averaged Test AUC: 0.9488
Std Test Accurancy: 0.0507
Std Test AUC: 0.0123
------------------------- time cost ------------------------- 7.858148574829102

-------------Round number: 14-------------
Selected clients [16, 0, 10, 2, 13, 12, 18, 14]

Evaluate local models
Averaged Train Loss: 1.5596
Averaged Test Accurancy: 0.4341
Averaged Test AUC: 0.9583
Std Test Accurancy: 0.0321
Std Test AUC: 0.0057
------------------------- time cost ------------------------- 8.399399995803833

-------------Round number: 15-------------
Selected clients [6, 19, 17, 7, 12, 13, 4, 0]

Evaluate local models
Averaged Train Loss: 1.5308
Averaged Test Accurancy: 0.4044
Averaged Test AUC: 0.9538
Std Test Accurancy: 0.0551
Std Test AUC: 0.0148
------------------------- time cost ------------------------- 7.92435097694397

-------------Round number: 16-------------
Selected clients [11, 15, 2, 1, 12, 9, 7, 17]

Evaluate local models
Averaged Train Loss: 1.4607
Averaged Test Accurancy: 0.4282
Averaged Test AUC: 0.9597
Std Test Accurancy: 0.0390
Std Test AUC: 0.0054
------------------------- time cost ------------------------- 8.22768235206604

-------------Round number: 17-------------
Selected clients [16, 1, 17, 3, 5, 4, 13, 15]

Evaluate local models
Averaged Train Loss: 1.4667
Averaged Test Accurancy: 0.4018
Averaged Test AUC: 0.9550
Std Test Accurancy: 0.0545
Std Test AUC: 0.0100
------------------------- time cost ------------------------- 8.002870559692383

-------------Round number: 18-------------
Selected clients [8, 13, 17, 11, 3, 9, 10, 16]

Evaluate local models
Averaged Train Loss: 1.3494
Averaged Test Accurancy: 0.4141
Averaged Test AUC: 0.9571
Std Test Accurancy: 0.0444
Std Test AUC: 0.0058
------------------------- time cost ------------------------- 8.101414918899536

-------------Round number: 19-------------
Selected clients [14, 13, 4, 15, 16, 7, 3, 18]

Evaluate local models
Averaged Train Loss: 1.3141
Averaged Test Accurancy: 0.4199
Averaged Test AUC: 0.9573
Std Test Accurancy: 0.0571
Std Test AUC: 0.0106
------------------------- time cost ------------------------- 8.297197818756104

-------------Round number: 20-------------
Selected clients [7, 2, 4, 15, 0, 16, 12, 19]

Evaluate local models
Averaged Train Loss: 1.2306
Averaged Test Accurancy: 0.4164
Averaged Test AUC: 0.9537
Std Test Accurancy: 0.0685
Std Test AUC: 0.0154
------------------------- time cost ------------------------- 8.071503162384033

-------------Round number: 21-------------
Selected clients [19, 1, 12, 18, 3, 7, 17, 2]

Evaluate local models
Averaged Train Loss: 1.1231
Averaged Test Accurancy: 0.4472
Averaged Test AUC: 0.9577
Std Test Accurancy: 0.0287
Std Test AUC: 0.0103
------------------------- time cost ------------------------- 7.921583890914917

-------------Round number: 22-------------
Selected clients [14, 12, 6, 17, 7, 5, 8, 1]

Evaluate local models
Averaged Train Loss: 1.1020
Averaged Test Accurancy: 0.4386
Averaged Test AUC: 0.9608
Std Test Accurancy: 0.0295
Std Test AUC: 0.0058
------------------------- time cost ------------------------- 8.221293210983276

-------------Round number: 23-------------
Selected clients [19, 0, 1, 5, 3, 15, 9, 17]

Evaluate local models
Averaged Train Loss: 1.0841
Averaged Test Accurancy: 0.4106
Averaged Test AUC: 0.9551
Std Test Accurancy: 0.0306
Std Test AUC: 0.0115
------------------------- time cost ------------------------- 7.957721471786499

-------------Round number: 24-------------
Selected clients [8, 3, 13, 2, 6, 12, 15, 16]

Evaluate local models
Averaged Train Loss: 0.9198
Averaged Test Accurancy: 0.4487
Averaged Test AUC: 0.9584
Std Test Accurancy: 0.0346
Std Test AUC: 0.0057
------------------------- time cost ------------------------- 8.245934009552002

-------------Round number: 25-------------
Selected clients [15, 3, 2, 7, 5, 13, 9, 6]

Evaluate local models
Averaged Train Loss: 0.9328
Averaged Test Accurancy: 0.4033
Averaged Test AUC: 0.9553
Std Test Accurancy: 0.0316
Std Test AUC: 0.0054
------------------------- time cost ------------------------- 8.172395706176758

-------------Round number: 26-------------
Selected clients [19, 0, 12, 2, 1, 9, 16, 8]

Evaluate local models
Averaged Train Loss: 0.8295
Averaged Test Accurancy: 0.4403
Averaged Test AUC: 0.9562
Std Test Accurancy: 0.0394
Std Test AUC: 0.0118
------------------------- time cost ------------------------- 8.169766664505005

-------------Round number: 27-------------
Selected clients [2, 19, 14, 11, 10, 7, 1, 12]

Evaluate local models
Averaged Train Loss: 0.8375
Averaged Test Accurancy: 0.4290
Averaged Test AUC: 0.9546
Std Test Accurancy: 0.0342
Std Test AUC: 0.0101
------------------------- time cost ------------------------- 8.16343355178833

-------------Round number: 28-------------
Selected clients [7, 8, 5, 16, 0, 9, 19, 11]

Evaluate local models
Averaged Train Loss: 0.8369
Averaged Test Accurancy: 0.3986
Averaged Test AUC: 0.9546
Std Test Accurancy: 0.0245
Std Test AUC: 0.0127
------------------------- time cost ------------------------- 8.105532884597778

-------------Round number: 29-------------
Selected clients [4, 18, 6, 9, 13, 10, 2, 8]

Evaluate local models
Averaged Train Loss: 0.7600
Averaged Test Accurancy: 0.4155
Averaged Test AUC: 0.9524
Std Test Accurancy: 0.0585
Std Test AUC: 0.0110
------------------------- time cost ------------------------- 7.817013263702393

-------------Round number: 30-------------
Selected clients [10, 17, 9, 12, 5, 19, 6, 15]

Evaluate local models
Averaged Train Loss: 0.6342
Averaged Test Accurancy: 0.4127
Averaged Test AUC: 0.9516
Std Test Accurancy: 0.0510
Std Test AUC: 0.0114
------------------------- time cost ------------------------- 8.016031980514526

-------------Round number: 31-------------
Selected clients [19, 1, 16, 18, 9, 0, 12, 17]

Evaluate local models
Averaged Train Loss: 0.5778
Averaged Test Accurancy: 0.4240
Averaged Test AUC: 0.9543
Std Test Accurancy: 0.0364
Std Test AUC: 0.0113
------------------------- time cost ------------------------- 8.139580965042114

-------------Round number: 32-------------
Selected clients [1, 10, 6, 13, 12, 15, 11, 2]

Evaluate local models
Averaged Train Loss: 0.4859
Averaged Test Accurancy: 0.4482
Averaged Test AUC: 0.9566
Std Test Accurancy: 0.0173
Std Test AUC: 0.0037
------------------------- time cost ------------------------- 8.253203392028809

-------------Round number: 33-------------
Selected clients [19, 5, 15, 17, 11, 4, 3, 16]

Evaluate local models
Averaged Train Loss: 0.5390
Averaged Test Accurancy: 0.4033
Averaged Test AUC: 0.9493
Std Test Accurancy: 0.0475
Std Test AUC: 0.0120
------------------------- time cost ------------------------- 7.986263990402222

-------------Round number: 34-------------
Selected clients [2, 8, 4, 17, 7, 5, 16, 15]

Evaluate local models
Averaged Train Loss: 0.3906
Averaged Test Accurancy: 0.4142
Averaged Test AUC: 0.9546
Std Test Accurancy: 0.0597
Std Test AUC: 0.0111
------------------------- time cost ------------------------- 7.905675411224365

-------------Round number: 35-------------
Selected clients [1, 17, 11, 0, 6, 9, 4, 2]

Evaluate local models
Averaged Train Loss: 0.3643
Averaged Test Accurancy: 0.4155
Averaged Test AUC: 0.9537
Std Test Accurancy: 0.0595
Std Test AUC: 0.0101
------------------------- time cost ------------------------- 8.046852350234985

-------------Round number: 36-------------
Selected clients [16, 10, 18, 15, 5, 19, 17, 14]

Evaluate local models
Averaged Train Loss: 0.4147
Averaged Test Accurancy: 0.4227
Averaged Test AUC: 0.9517
Std Test Accurancy: 0.0460
Std Test AUC: 0.0149
------------------------- time cost ------------------------- 8.052082300186157

-------------Round number: 37-------------
Selected clients [13, 11, 1, 16, 3, 5, 15, 12]

Evaluate local models
Averaged Train Loss: 0.2878
Averaged Test Accurancy: 0.4172
Averaged Test AUC: 0.9546
Std Test Accurancy: 0.0281
Std Test AUC: 0.0053
------------------------- time cost ------------------------- 8.443707704544067

-------------Round number: 38-------------
Selected clients [19, 6, 18, 14, 7, 0, 3, 10]

Evaluate local models
Averaged Train Loss: 0.3166
Averaged Test Accurancy: 0.4354
Averaged Test AUC: 0.9557
Std Test Accurancy: 0.0272
Std Test AUC: 0.0114
------------------------- time cost ------------------------- 8.125064849853516

-------------Round number: 39-------------
Selected clients [2, 5, 3, 4, 6, 1, 0, 17]

Evaluate local models
Averaged Train Loss: 0.2432
Averaged Test Accurancy: 0.4121
Averaged Test AUC: 0.9531
Std Test Accurancy: 0.0615
Std Test AUC: 0.0107
------------------------- time cost ------------------------- 7.920952796936035

-------------Round number: 40-------------
Selected clients [17, 12, 5, 3, 16, 2, 19, 6]

Evaluate local models
Averaged Train Loss: 0.1281
Averaged Test Accurancy: 0.4247
Averaged Test AUC: 0.9508
Std Test Accurancy: 0.0397
Std Test AUC: 0.0098
------------------------- time cost ------------------------- 8.138352632522583

-------------Round number: 41-------------
Selected clients [11, 9, 16, 18, 3, 7, 6, 2]

Evaluate local models
Averaged Train Loss: 0.1981
Averaged Test Accurancy: 0.4226
Averaged Test AUC: 0.9544
Std Test Accurancy: 0.0395
Std Test AUC: 0.0045
------------------------- time cost ------------------------- 8.448680400848389

-------------Round number: 42-------------
Selected clients [4, 10, 3, 13, 14, 11, 2, 19]

Evaluate local models
Averaged Train Loss: 0.1771
Averaged Test Accurancy: 0.4166
Averaged Test AUC: 0.9482
Std Test Accurancy: 0.0540
Std Test AUC: 0.0111
------------------------- time cost ------------------------- 8.024548768997192

-------------Round number: 43-------------
Selected clients [1, 16, 6, 7, 10, 4, 8, 5]

Evaluate local models
Averaged Train Loss: 0.1454
Averaged Test Accurancy: 0.4074
Averaged Test AUC: 0.9542
Std Test Accurancy: 0.0455
Std Test AUC: 0.0110
------------------------- time cost ------------------------- 8.097622156143188

-------------Round number: 44-------------
Selected clients [16, 9, 15, 12, 1, 5, 4, 10]

Evaluate local models
Averaged Train Loss: 0.1144
Averaged Test Accurancy: 0.4106
Averaged Test AUC: 0.9519
Std Test Accurancy: 0.0511
Std Test AUC: 0.0098
------------------------- time cost ------------------------- 8.53158974647522

-------------Round number: 45-------------
Selected clients [5, 16, 7, 0, 12, 17, 3, 11]

Evaluate local models
Averaged Train Loss: 0.0869
Averaged Test Accurancy: 0.4327
Averaged Test AUC: 0.9567
Std Test Accurancy: 0.0294
Std Test AUC: 0.0058
------------------------- time cost ------------------------- 8.635519027709961

-------------Round number: 46-------------
Selected clients [14, 6, 4, 9, 1, 18, 17, 13]

Evaluate local models
Averaged Train Loss: 0.1060
Averaged Test Accurancy: 0.4253
Averaged Test AUC: 0.9536
Std Test Accurancy: 0.0513
Std Test AUC: 0.0101
------------------------- time cost ------------------------- 8.389169692993164

-------------Round number: 47-------------
Selected clients [17, 0, 6, 16, 4, 13, 7, 19]

Evaluate local models
Averaged Train Loss: 0.0653
Averaged Test Accurancy: 0.4132
Averaged Test AUC: 0.9518
Std Test Accurancy: 0.0417
Std Test AUC: 0.0140
------------------------- time cost ------------------------- 8.096919059753418

-------------Round number: 48-------------
Selected clients [10, 14, 7, 4, 12, 16, 18, 2]

Evaluate local models
Averaged Train Loss: 0.0935
Averaged Test Accurancy: 0.4240
Averaged Test AUC: 0.9536
Std Test Accurancy: 0.0534
Std Test AUC: 0.0101
------------------------- time cost ------------------------- 8.451790571212769

-------------Round number: 49-------------
Selected clients [9, 10, 12, 14, 5, 17, 18, 3]

Evaluate local models
Averaged Train Loss: 0.1308
Averaged Test Accurancy: 0.4224
Averaged Test AUC: 0.9546
Std Test Accurancy: 0.0431
Std Test AUC: 0.0044
------------------------- time cost ------------------------- 8.37774920463562

-------------Round number: 50-------------
Selected clients [17, 1, 10, 6, 18, 16, 5, 15]

Evaluate local models
Averaged Train Loss: 0.0450
Averaged Test Accurancy: 0.4324
Averaged Test AUC: 0.9565
Std Test Accurancy: 0.0237
Std Test AUC: 0.0043
------------------------- time cost ------------------------- 8.34311556816101

-------------Round number: 51-------------
Selected clients [12, 0, 15, 4, 14, 17, 5, 1]

Evaluate local models
Averaged Train Loss: 0.0444
Averaged Test Accurancy: 0.4246
Averaged Test AUC: 0.9559
Std Test Accurancy: 0.0516
Std Test AUC: 0.0111
------------------------- time cost ------------------------- 8.488927364349365

-------------Round number: 52-------------
Selected clients [17, 0, 9, 3, 4, 6, 11, 10]

Evaluate local models
Averaged Train Loss: 0.0404
Averaged Test Accurancy: 0.4062
Averaged Test AUC: 0.9527
Std Test Accurancy: 0.0390
Std Test AUC: 0.0101
------------------------- time cost ------------------------- 8.661447048187256

-------------Round number: 53-------------
Selected clients [19, 5, 4, 1, 14, 18, 0, 7]

Evaluate local models
Averaged Train Loss: 0.0440
Averaged Test Accurancy: 0.4198
Averaged Test AUC: 0.9531
Std Test Accurancy: 0.0471
Std Test AUC: 0.0148
------------------------- time cost ------------------------- 8.413721561431885

-------------Round number: 54-------------
Selected clients [5, 7, 17, 18, 11, 6, 13, 4]

Evaluate local models
Averaged Train Loss: 0.0339
Averaged Test Accurancy: 0.4130
Averaged Test AUC: 0.9533
Std Test Accurancy: 0.0443
Std Test AUC: 0.0101
------------------------- time cost ------------------------- 8.251787900924683

-------------Round number: 55-------------
Selected clients [3, 2, 16, 17, 0, 13, 1, 6]

Evaluate local models
Averaged Train Loss: 0.0250
Averaged Test Accurancy: 0.4391
Averaged Test AUC: 0.9568
Std Test Accurancy: 0.0262
Std Test AUC: 0.0050
------------------------- time cost ------------------------- 8.420771360397339

-------------Round number: 56-------------
Selected clients [14, 12, 17, 10, 4, 16, 5, 1]

Evaluate local models
Averaged Train Loss: 0.0246
Averaged Test Accurancy: 0.4213
Averaged Test AUC: 0.9528
Std Test Accurancy: 0.0501
Std Test AUC: 0.0097
------------------------- time cost ------------------------- 8.437034845352173

-------------Round number: 57-------------
Selected clients [0, 10, 13, 5, 2, 3, 15, 6]

Evaluate local models
Averaged Train Loss: 0.0256
Averaged Test Accurancy: 0.4271
Averaged Test AUC: 0.9558
Std Test Accurancy: 0.0330
Std Test AUC: 0.0059
------------------------- time cost ------------------------- 8.338502168655396

-------------Round number: 58-------------
Selected clients [17, 13, 12, 8, 6, 19, 3, 4]

Evaluate local models
Averaged Train Loss: 0.0373
Averaged Test Accurancy: 0.4179
Averaged Test AUC: 0.9506
Std Test Accurancy: 0.0435
Std Test AUC: 0.0136
------------------------- time cost ------------------------- 7.94417667388916

-------------Round number: 59-------------
Selected clients [11, 0, 3, 8, 12, 17, 15, 2]

Evaluate local models
Averaged Train Loss: 0.0323
Averaged Test Accurancy: 0.4470
Averaged Test AUC: 0.9584
Std Test Accurancy: 0.0263
Std Test AUC: 0.0063
------------------------- time cost ------------------------- 8.32384991645813

-------------Round number: 60-------------
Selected clients [7, 2, 5, 1, 3, 10, 8, 11]

Evaluate local models
Averaged Train Loss: 0.0274
Averaged Test Accurancy: 0.4328
Averaged Test AUC: 0.9567
Std Test Accurancy: 0.0343
Std Test AUC: 0.0066
------------------------- time cost ------------------------- 8.369075775146484

-------------Round number: 61-------------
Selected clients [11, 5, 8, 2, 15, 17, 18, 6]

Evaluate local models
Averaged Train Loss: 0.0254
Averaged Test Accurancy: 0.4361
Averaged Test AUC: 0.9572
Std Test Accurancy: 0.0340
Std Test AUC: 0.0061
------------------------- time cost ------------------------- 8.362155675888062

-------------Round number: 62-------------
Selected clients [12, 3, 5, 18, 7, 14, 11, 4]

Evaluate local models
Averaged Train Loss: 0.0227
Averaged Test Accurancy: 0.4190
Averaged Test AUC: 0.9533
Std Test Accurancy: 0.0441
Std Test AUC: 0.0103
------------------------- time cost ------------------------- 8.617480039596558

-------------Round number: 63-------------
Selected clients [7, 15, 9, 14, 0, 5, 13, 1]

Evaluate local models
Averaged Train Loss: 0.0237
Averaged Test Accurancy: 0.4211
Averaged Test AUC: 0.9579
Std Test Accurancy: 0.0316
Std Test AUC: 0.0068
------------------------- time cost ------------------------- 8.493906021118164

-------------Round number: 64-------------
Selected clients [17, 19, 8, 15, 4, 0, 13, 7]

Evaluate local models
Averaged Train Loss: 0.0214
Averaged Test Accurancy: 0.4201
Averaged Test AUC: 0.9542
Std Test Accurancy: 0.0463
Std Test AUC: 0.0156
------------------------- time cost ------------------------- 7.9923951625823975

-------------Round number: 65-------------
Selected clients [14, 3, 5, 17, 6, 11, 16, 12]

Evaluate local models
Averaged Train Loss: 0.0152
Averaged Test Accurancy: 0.4306
Averaged Test AUC: 0.9550
Std Test Accurancy: 0.0299
Std Test AUC: 0.0037
------------------------- time cost ------------------------- 8.68241262435913

-------------Round number: 66-------------
Selected clients [13, 4, 12, 11, 19, 8, 5, 14]

Evaluate local models
Averaged Train Loss: 0.0174
Averaged Test Accurancy: 0.4110
Averaged Test AUC: 0.9497
Std Test Accurancy: 0.0477
Std Test AUC: 0.0135
------------------------- time cost ------------------------- 8.322501182556152

-------------Round number: 67-------------
Selected clients [12, 13, 2, 6, 8, 1, 3, 7]

Evaluate local models
Averaged Train Loss: 0.0164
Averaged Test Accurancy: 0.4391
Averaged Test AUC: 0.9576
Std Test Accurancy: 0.0230
Std Test AUC: 0.0058
------------------------- time cost ------------------------- 8.459884643554688

-------------Round number: 68-------------
Selected clients [2, 17, 5, 3, 1, 16, 12, 11]

Evaluate local models
Averaged Train Loss: 0.0110
Averaged Test Accurancy: 0.4347
Averaged Test AUC: 0.9539
Std Test Accurancy: 0.0343
Std Test AUC: 0.0040
------------------------- time cost ------------------------- 8.632176876068115

-------------Round number: 69-------------
Selected clients [10, 12, 13, 11, 14, 5, 18, 6]

Evaluate local models
Averaged Train Loss: 0.0148
Averaged Test Accurancy: 0.4261
Averaged Test AUC: 0.9547
Std Test Accurancy: 0.0275
Std Test AUC: 0.0034
------------------------- time cost ------------------------- 8.62263536453247

-------------Round number: 70-------------
Selected clients [2, 19, 7, 16, 10, 6, 0, 12]

Evaluate local models
Averaged Train Loss: 0.0130
Averaged Test Accurancy: 0.4335
Averaged Test AUC: 0.9536
Std Test Accurancy: 0.0267
Std Test AUC: 0.0115
------------------------- time cost ------------------------- 8.44691777229309

-------------Round number: 71-------------
Selected clients [3, 10, 17, 13, 18, 4, 14, 1]

Evaluate local models
Averaged Train Loss: 0.0142
Averaged Test Accurancy: 0.4243
Averaged Test AUC: 0.9537
Std Test Accurancy: 0.0450
Std Test AUC: 0.0098
------------------------- time cost ------------------------- 8.309491872787476

-------------Round number: 72-------------
Selected clients [2, 8, 1, 15, 5, 10, 3, 17]

Evaluate local models
Averaged Train Loss: 0.0130
Averaged Test Accurancy: 0.4405
Averaged Test AUC: 0.9567
Std Test Accurancy: 0.0370
Std Test AUC: 0.0061
------------------------- time cost ------------------------- 8.285504341125488

-------------Round number: 73-------------
Selected clients [5, 19, 8, 15, 11, 9, 7, 13]

Evaluate local models
Averaged Train Loss: 0.0166
Averaged Test Accurancy: 0.4118
Averaged Test AUC: 0.9529
Std Test Accurancy: 0.0353
Std Test AUC: 0.0121
------------------------- time cost ------------------------- 8.435271501541138

-------------Round number: 74-------------
Selected clients [11, 14, 19, 7, 17, 15, 6, 18]

Evaluate local models
Averaged Train Loss: 0.0123
Averaged Test Accurancy: 0.4316
Averaged Test AUC: 0.9557
Std Test Accurancy: 0.0233
Std Test AUC: 0.0114
------------------------- time cost ------------------------- 8.653449773788452

-------------Round number: 75-------------
Selected clients [14, 16, 9, 8, 5, 0, 15, 11]

Evaluate local models
Averaged Train Loss: 0.0140
Averaged Test Accurancy: 0.4205
Averaged Test AUC: 0.9569
Std Test Accurancy: 0.0361
Std Test AUC: 0.0072
------------------------- time cost ------------------------- 8.945987224578857

-------------Round number: 76-------------
Selected clients [6, 14, 10, 4, 13, 2, 9, 5]

Evaluate local models
Averaged Train Loss: 0.0115
Averaged Test Accurancy: 0.4017
Averaged Test AUC: 0.9500
Std Test Accurancy: 0.0507
Std Test AUC: 0.0088
------------------------- time cost ------------------------- 8.317797899246216

-------------Round number: 77-------------
Selected clients [19, 13, 16, 9, 18, 10, 4, 11]

Evaluate local models
Averaged Train Loss: 0.0120
Averaged Test Accurancy: 0.3973
Averaged Test AUC: 0.9471
Std Test Accurancy: 0.0403
Std Test AUC: 0.0112
------------------------- time cost ------------------------- 8.243290424346924

-------------Round number: 78-------------
Selected clients [7, 17, 14, 2, 18, 6, 1, 12]

Evaluate local models
Averaged Train Loss: 0.0103
Averaged Test Accurancy: 0.4461
Averaged Test AUC: 0.9579
Std Test Accurancy: 0.0214
Std Test AUC: 0.0042
------------------------- time cost ------------------------- 8.33044958114624

-------------Round number: 79-------------
Selected clients [17, 12, 8, 2, 15, 13, 16, 7]

Evaluate local models
Averaged Train Loss: 0.0102
Averaged Test Accurancy: 0.4437
Averaged Test AUC: 0.9573
Std Test Accurancy: 0.0225
Std Test AUC: 0.0061
------------------------- time cost ------------------------- 8.21160888671875

-------------Round number: 80-------------
Selected clients [9, 13, 14, 1, 5, 18, 17, 19]

Evaluate local models
Averaged Train Loss: 0.0103
Averaged Test Accurancy: 0.4200
Averaged Test AUC: 0.9516
Std Test Accurancy: 0.0348
Std Test AUC: 0.0106
------------------------- time cost ------------------------- 8.08879041671753

-------------Round number: 81-------------
Selected clients [10, 3, 13, 18, 11, 15, 1, 19]

Evaluate local models
Averaged Train Loss: 0.0091
Averaged Test Accurancy: 0.4250
Averaged Test AUC: 0.9526
Std Test Accurancy: 0.0229
Std Test AUC: 0.0106
------------------------- time cost ------------------------- 8.087769746780396

-------------Round number: 82-------------
Selected clients [16, 5, 3, 6, 17, 8, 14, 1]

Evaluate local models
Averaged Train Loss: 0.0083
Averaged Test Accurancy: 0.4315
Averaged Test AUC: 0.9570
Std Test Accurancy: 0.0298
Std Test AUC: 0.0055
------------------------- time cost ------------------------- 8.264559268951416

-------------Round number: 83-------------
Selected clients [8, 2, 15, 4, 6, 17, 9, 1]

Evaluate local models
Averaged Train Loss: 0.0096
Averaged Test Accurancy: 0.4201
Averaged Test AUC: 0.9541
Std Test Accurancy: 0.0567
Std Test AUC: 0.0113
------------------------- time cost ------------------------- 7.890879154205322

-------------Round number: 84-------------
Selected clients [16, 4, 1, 0, 11, 9, 13, 14]

Evaluate local models
Averaged Train Loss: 0.0088
Averaged Test Accurancy: 0.4086
Averaged Test AUC: 0.9527
Std Test Accurancy: 0.0446
Std Test AUC: 0.0103
------------------------- time cost ------------------------- 8.37517786026001

-------------Round number: 85-------------
Selected clients [17, 13, 11, 6, 10, 19, 16, 7]

Evaluate local models
Averaged Train Loss: 0.0069
Averaged Test Accurancy: 0.4170
Averaged Test AUC: 0.9524
Std Test Accurancy: 0.0173
Std Test AUC: 0.0107
------------------------- time cost ------------------------- 8.089993953704834

-------------Round number: 86-------------
Selected clients [1, 12, 5, 14, 3, 0, 18, 7]

Evaluate local models
Averaged Train Loss: 0.0084
Averaged Test Accurancy: 0.4308
Averaged Test AUC: 0.9579
Std Test Accurancy: 0.0248
Std Test AUC: 0.0054
------------------------- time cost ------------------------- 8.380691051483154

-------------Round number: 87-------------
Selected clients [12, 11, 15, 7, 19, 4, 5, 10]

Evaluate local models
Averaged Train Loss: 0.0069
Averaged Test Accurancy: 0.4031
Averaged Test AUC: 0.9497
Std Test Accurancy: 0.0433
Std Test AUC: 0.0136
------------------------- time cost ------------------------- 8.014321565628052

-------------Round number: 88-------------
Selected clients [15, 17, 13, 3, 7, 19, 0, 6]

Evaluate local models
Averaged Train Loss: 0.0065
Averaged Test Accurancy: 0.4237
Averaged Test AUC: 0.9556
Std Test Accurancy: 0.0207
Std Test AUC: 0.0120
------------------------- time cost ------------------------- 7.876477956771851

-------------Round number: 89-------------
Selected clients [19, 4, 13, 5, 0, 7, 3, 15]

Evaluate local models
Averaged Train Loss: 0.0065
Averaged Test Accurancy: 0.4034
Averaged Test AUC: 0.9509
Std Test Accurancy: 0.0427
Std Test AUC: 0.0145
------------------------- time cost ------------------------- 7.870569229125977

-------------Round number: 90-------------
Selected clients [8, 3, 16, 1, 5, 12, 4, 10]

Evaluate local models
Averaged Train Loss: 0.0067
Averaged Test Accurancy: 0.4151
Averaged Test AUC: 0.9525
Std Test Accurancy: 0.0499
Std Test AUC: 0.0103
------------------------- time cost ------------------------- 8.135749340057373

-------------Round number: 91-------------
Selected clients [4, 3, 15, 19, 17, 16, 11, 12]

Evaluate local models
Averaged Train Loss: 0.0052
Averaged Test Accurancy: 0.4159
Averaged Test AUC: 0.9495
Std Test Accurancy: 0.0446
Std Test AUC: 0.0130
------------------------- time cost ------------------------- 8.218731880187988

-------------Round number: 92-------------
Selected clients [5, 12, 18, 9, 15, 2, 10, 16]

Evaluate local models
Averaged Train Loss: 0.0071
Averaged Test Accurancy: 0.4259
Averaged Test AUC: 0.9532
Std Test Accurancy: 0.0410
Std Test AUC: 0.0051
------------------------- time cost ------------------------- 8.363064289093018

-------------Round number: 93-------------
Selected clients [5, 11, 4, 19, 6, 18, 17, 0]

Evaluate local models
Averaged Train Loss: 0.0065
Averaged Test Accurancy: 0.4040
Averaged Test AUC: 0.9498
Std Test Accurancy: 0.0436
Std Test AUC: 0.0137
------------------------- time cost ------------------------- 7.9839701652526855

-------------Round number: 94-------------
Selected clients [6, 2, 1, 18, 16, 19, 4, 17]

Evaluate local models
Averaged Train Loss: 0.0057
Averaged Test Accurancy: 0.4193
Averaged Test AUC: 0.9489
Std Test Accurancy: 0.0516
Std Test AUC: 0.0130
------------------------- time cost ------------------------- 7.871215105056763

-------------Round number: 95-------------
Selected clients [13, 17, 18, 3, 6, 15, 0, 12]

Evaluate local models
Averaged Train Loss: 0.0061
Averaged Test Accurancy: 0.4307
Averaged Test AUC: 0.9576
Std Test Accurancy: 0.0150
Std Test AUC: 0.0042
------------------------- time cost ------------------------- 8.226736783981323

-------------Round number: 96-------------
Selected clients [0, 3, 16, 13, 9, 1, 8, 5]

Evaluate local models
Averaged Train Loss: 0.0075
Averaged Test Accurancy: 0.4119
Averaged Test AUC: 0.9551
Std Test Accurancy: 0.0397
Std Test AUC: 0.0071
------------------------- time cost ------------------------- 8.247946500778198

-------------Round number: 97-------------
Selected clients [15, 2, 3, 14, 10, 4, 16, 1]

Evaluate local models
Averaged Train Loss: 0.0093
Averaged Test Accurancy: 0.4243
Averaged Test AUC: 0.9527
Std Test Accurancy: 0.0501
Std Test AUC: 0.0102
------------------------- time cost ------------------------- 8.24380350112915

-------------Round number: 98-------------
Selected clients [0, 11, 14, 9, 4, 17, 3, 19]

Evaluate local models
Averaged Train Loss: 0.0058
Averaged Test Accurancy: 0.4042
Averaged Test AUC: 0.9495
Std Test Accurancy: 0.0436
Std Test AUC: 0.0138
------------------------- time cost ------------------------- 8.135792255401611

-------------Round number: 99-------------
Selected clients [11, 0, 15, 5, 16, 7, 2, 4]

Evaluate local models
Averaged Train Loss: 0.0048
Averaged Test Accurancy: 0.4127
Averaged Test AUC: 0.9533
Std Test Accurancy: 0.0509
Std Test AUC: 0.0115
------------------------- time cost ------------------------- 8.212873220443726

-------------Round number: 100-------------
Selected clients [13, 8, 19, 7, 5, 10, 11, 18]

Evaluate local models
Averaged Train Loss: 0.0068
Averaged Test Accurancy: 0.4149
Averaged Test AUC: 0.9527
Std Test Accurancy: 0.0279
Std Test AUC: 0.0118
------------------------- time cost ------------------------- 7.995233058929443

Best global accuracy.
0.44873262469337694
File path: ../results/Cifar100_FedPer_reproduce_0.h5

Average time cost: 841.87s.
Length:  101
std for best accurancy: 0.0
mean for best accurancy: 0.44873262469337694
All done!

Storage on cuda:0
-------------------------------------------------------------------------------
Total Tensors: 57280596 	Used Memory: 147.99M
The allocated memory on cuda:0: 147.99M
-------------------------------------------------------------------------------
