nohup: ignoring input
==================================================
Algorithm: FedAvg
Local batch size: 64
Local steps: 5
Local learing rate: 0.01
Total number of clients: 20
Clients join in each round: 0.4
Client drop rate: 0.0
Time select: False
Time threthold: 10000
Global rounds: 100
Running times: 1
Dataset: Cifar100
Local model: cnn
Using device: cuda
use yd partition:1
Cuda device id: 1
==================================================

============= Running time: 0th =============
Creating server and clients ...

Join ratio / total clients: 0.4 / 20
Finished creating server and clients.

-------------Round number: 0-------------

Evaluate local models
Averaged Train Loss: 2.5989
Averaged Test Accurancy: 0.2502
Averaged Test AUC: 0.9316
Std Test Accurancy: 0.0507
Std Test AUC: 0.0110
------------------------- time cost ------------------------- 8.586200952529907

-------------Round number: 1-------------

Evaluate local models
Averaged Train Loss: 2.3525
Averaged Test Accurancy: 0.3025
Averaged Test AUC: 0.9433
Std Test Accurancy: 0.0258
Std Test AUC: 0.0132
------------------------- time cost ------------------------- 7.555876970291138

-------------Round number: 2-------------

Evaluate local models
Averaged Train Loss: 2.3677
Averaged Test Accurancy: 0.2981
Averaged Test AUC: 0.9465
Std Test Accurancy: 0.0511
Std Test AUC: 0.0127
------------------------- time cost ------------------------- 7.5017547607421875

-------------Round number: 3-------------

Evaluate local models
Averaged Train Loss: 2.2662
Averaged Test Accurancy: 0.3210
Averaged Test AUC: 0.9479
Std Test Accurancy: 0.0458
Std Test AUC: 0.0143
------------------------- time cost ------------------------- 7.677552223205566

-------------Round number: 4-------------

Evaluate local models
Averaged Train Loss: 2.2478
Averaged Test Accurancy: 0.3297
Averaged Test AUC: 0.9478
Std Test Accurancy: 0.0596
Std Test AUC: 0.0147
------------------------- time cost ------------------------- 7.371091365814209

-------------Round number: 5-------------

Evaluate local models
Averaged Train Loss: 2.2252
Averaged Test Accurancy: 0.3184
Averaged Test AUC: 0.9464
Std Test Accurancy: 0.0546
Std Test AUC: 0.0124
------------------------- time cost ------------------------- 7.694761753082275

-------------Round number: 6-------------

Evaluate local models
Averaged Train Loss: 2.2133
Averaged Test Accurancy: 0.3240
Averaged Test AUC: 0.9456
Std Test Accurancy: 0.0351
Std Test AUC: 0.0092
------------------------- time cost ------------------------- 7.734525203704834

-------------Round number: 7-------------

Evaluate local models
Averaged Train Loss: 2.1211
Averaged Test Accurancy: 0.3471
Averaged Test AUC: 0.9529
Std Test Accurancy: 0.0389
Std Test AUC: 0.0084
------------------------- time cost ------------------------- 7.731530666351318

-------------Round number: 8-------------

Evaluate local models
Averaged Train Loss: 2.0678
Averaged Test Accurancy: 0.3613
Averaged Test AUC: 0.9549
Std Test Accurancy: 0.0286
Std Test AUC: 0.0045
------------------------- time cost ------------------------- 7.7419445514678955

-------------Round number: 9-------------

Evaluate local models
Averaged Train Loss: 2.0044
Averaged Test Accurancy: 0.3710
Averaged Test AUC: 0.9547
Std Test Accurancy: 0.0476
Std Test AUC: 0.0102
------------------------- time cost ------------------------- 7.3207855224609375

-------------Round number: 10-------------

Evaluate local models
Averaged Train Loss: 1.9311
Averaged Test Accurancy: 0.3694
Averaged Test AUC: 0.9558
Std Test Accurancy: 0.0356
Std Test AUC: 0.0091
------------------------- time cost ------------------------- 7.580852270126343

-------------Round number: 11-------------

Evaluate local models
Averaged Train Loss: 1.8691
Averaged Test Accurancy: 0.3911
Averaged Test AUC: 0.9557
Std Test Accurancy: 0.0372
Std Test AUC: 0.0050
------------------------- time cost ------------------------- 7.467594623565674

-------------Round number: 12-------------

Evaluate local models
Averaged Train Loss: 1.8457
Averaged Test Accurancy: 0.3849
Averaged Test AUC: 0.9601
Std Test Accurancy: 0.0451
Std Test AUC: 0.0056
------------------------- time cost ------------------------- 7.949283123016357

-------------Round number: 13-------------

Evaluate local models
Averaged Train Loss: 1.7750
Averaged Test Accurancy: 0.4127
Averaged Test AUC: 0.9616
Std Test Accurancy: 0.0263
Std Test AUC: 0.0052
------------------------- time cost ------------------------- 7.544177055358887

-------------Round number: 14-------------

Evaluate local models
Averaged Train Loss: 1.7789
Averaged Test Accurancy: 0.3866
Averaged Test AUC: 0.9568
Std Test Accurancy: 0.0539
Std Test AUC: 0.0126
------------------------- time cost ------------------------- 7.424509525299072

-------------Round number: 15-------------

Evaluate local models
Averaged Train Loss: 1.7390
Averaged Test Accurancy: 0.4083
Averaged Test AUC: 0.9592
Std Test Accurancy: 0.0671
Std Test AUC: 0.0102
------------------------- time cost ------------------------- 7.174158334732056

-------------Round number: 16-------------

Evaluate local models
Averaged Train Loss: 1.7741
Averaged Test Accurancy: 0.3776
Averaged Test AUC: 0.9544
Std Test Accurancy: 0.0470
Std Test AUC: 0.0104
------------------------- time cost ------------------------- 7.363742351531982

-------------Round number: 17-------------

Evaluate local models
Averaged Train Loss: 1.6961
Averaged Test Accurancy: 0.3857
Averaged Test AUC: 0.9567
Std Test Accurancy: 0.0479
Std Test AUC: 0.0104
------------------------- time cost ------------------------- 7.737046241760254

-------------Round number: 18-------------

Evaluate local models
Averaged Train Loss: 1.6093
Averaged Test Accurancy: 0.4050
Averaged Test AUC: 0.9596
Std Test Accurancy: 0.0581
Std Test AUC: 0.0093
------------------------- time cost ------------------------- 7.624910593032837

-------------Round number: 19-------------

Evaluate local models
Averaged Train Loss: 1.5804
Averaged Test Accurancy: 0.4110
Averaged Test AUC: 0.9595
Std Test Accurancy: 0.0570
Std Test AUC: 0.0103
------------------------- time cost ------------------------- 7.865488052368164

-------------Round number: 20-------------

Evaluate local models
Averaged Train Loss: 1.4980
Averaged Test Accurancy: 0.4213
Averaged Test AUC: 0.9647
Std Test Accurancy: 0.0436
Std Test AUC: 0.0054
------------------------- time cost ------------------------- 7.7696192264556885

-------------Round number: 21-------------

Evaluate local models
Averaged Train Loss: 1.5087
Averaged Test Accurancy: 0.4250
Averaged Test AUC: 0.9604
Std Test Accurancy: 0.0229
Std Test AUC: 0.0069
------------------------- time cost ------------------------- 7.511404514312744

-------------Round number: 22-------------

Evaluate local models
Averaged Train Loss: 1.4514
Averaged Test Accurancy: 0.4321
Averaged Test AUC: 0.9606
Std Test Accurancy: 0.0668
Std Test AUC: 0.0088
------------------------- time cost ------------------------- 7.384025812149048

-------------Round number: 23-------------

Evaluate local models
Averaged Train Loss: 1.3800
Averaged Test Accurancy: 0.4363
Averaged Test AUC: 0.9622
Std Test Accurancy: 0.0252
Std Test AUC: 0.0084
------------------------- time cost ------------------------- 7.45982813835144

-------------Round number: 24-------------

Evaluate local models
Averaged Train Loss: 1.3527
Averaged Test Accurancy: 0.4333
Averaged Test AUC: 0.9653
Std Test Accurancy: 0.0353
Std Test AUC: 0.0052
------------------------- time cost ------------------------- 7.41510272026062

-------------Round number: 25-------------

Evaluate local models
Averaged Train Loss: 1.2646
Averaged Test Accurancy: 0.4343
Averaged Test AUC: 0.9613
Std Test Accurancy: 0.0327
Std Test AUC: 0.0087
------------------------- time cost ------------------------- 7.404811382293701

-------------Round number: 26-------------

Evaluate local models
Averaged Train Loss: 1.2642
Averaged Test Accurancy: 0.4528
Averaged Test AUC: 0.9611
Std Test Accurancy: 0.0375
Std Test AUC: 0.0073
------------------------- time cost ------------------------- 7.584329605102539

-------------Round number: 27-------------

Evaluate local models
Averaged Train Loss: 1.1752
Averaged Test Accurancy: 0.4618
Averaged Test AUC: 0.9653
Std Test Accurancy: 0.0412
Std Test AUC: 0.0040
------------------------- time cost ------------------------- 7.480283975601196

-------------Round number: 28-------------

Evaluate local models
Averaged Train Loss: 1.2038
Averaged Test Accurancy: 0.4528
Averaged Test AUC: 0.9623
Std Test Accurancy: 0.0606
Std Test AUC: 0.0090
------------------------- time cost ------------------------- 7.523581027984619

-------------Round number: 29-------------

Evaluate local models
Averaged Train Loss: 1.1188
Averaged Test Accurancy: 0.4393
Averaged Test AUC: 0.9612
Std Test Accurancy: 0.0513
Std Test AUC: 0.0111
------------------------- time cost ------------------------- 7.4602367877960205

-------------Round number: 30-------------

Evaluate local models
Averaged Train Loss: 1.0390
Averaged Test Accurancy: 0.4569
Averaged Test AUC: 0.9632
Std Test Accurancy: 0.0290
Std Test AUC: 0.0071
------------------------- time cost ------------------------- 7.480822801589966

-------------Round number: 31-------------

Evaluate local models
Averaged Train Loss: 1.0896
Averaged Test Accurancy: 0.4320
Averaged Test AUC: 0.9593
Std Test Accurancy: 0.0556
Std Test AUC: 0.0090
------------------------- time cost ------------------------- 7.691493272781372

-------------Round number: 32-------------

Evaluate local models
Averaged Train Loss: 1.0322
Averaged Test Accurancy: 0.4412
Averaged Test AUC: 0.9623
Std Test Accurancy: 0.0370
Std Test AUC: 0.0049
------------------------- time cost ------------------------- 7.626031875610352

-------------Round number: 33-------------

Evaluate local models
Averaged Train Loss: 1.0141
Averaged Test Accurancy: 0.4565
Averaged Test AUC: 0.9665
Std Test Accurancy: 0.0280
Std Test AUC: 0.0046
------------------------- time cost ------------------------- 7.718305349349976

-------------Round number: 34-------------

Evaluate local models
Averaged Train Loss: 0.9194
Averaged Test Accurancy: 0.4609
Averaged Test AUC: 0.9639
Std Test Accurancy: 0.0508
Std Test AUC: 0.0044
------------------------- time cost ------------------------- 7.655584812164307

-------------Round number: 35-------------

Evaluate local models
Averaged Train Loss: 0.8955
Averaged Test Accurancy: 0.4573
Averaged Test AUC: 0.9568
Std Test Accurancy: 0.0671
Std Test AUC: 0.0099
------------------------- time cost ------------------------- 7.299129009246826

-------------Round number: 36-------------

Evaluate local models
Averaged Train Loss: 0.9096
Averaged Test Accurancy: 0.4365
Averaged Test AUC: 0.9580
Std Test Accurancy: 0.0488
Std Test AUC: 0.0114
------------------------- time cost ------------------------- 7.512342214584351

-------------Round number: 37-------------

Evaluate local models
Averaged Train Loss: 0.8447
Averaged Test Accurancy: 0.4439
Averaged Test AUC: 0.9592
Std Test Accurancy: 0.0446
Std Test AUC: 0.0073
------------------------- time cost ------------------------- 7.407405376434326

-------------Round number: 38-------------

Evaluate local models
Averaged Train Loss: 0.7973
Averaged Test Accurancy: 0.4315
Averaged Test AUC: 0.9596
Std Test Accurancy: 0.0447
Std Test AUC: 0.0078
------------------------- time cost ------------------------- 7.73658561706543

-------------Round number: 39-------------

Evaluate local models
Averaged Train Loss: 0.7560
Averaged Test Accurancy: 0.4513
Averaged Test AUC: 0.9616
Std Test Accurancy: 0.0279
Std Test AUC: 0.0041
------------------------- time cost ------------------------- 7.98593807220459

-------------Round number: 40-------------

Evaluate local models
Averaged Train Loss: 0.6863
Averaged Test Accurancy: 0.4760
Averaged Test AUC: 0.9632
Std Test Accurancy: 0.0361
Std Test AUC: 0.0041
------------------------- time cost ------------------------- 7.609866619110107

-------------Round number: 41-------------

Evaluate local models
Averaged Train Loss: 0.6456
Averaged Test Accurancy: 0.4554
Averaged Test AUC: 0.9587
Std Test Accurancy: 0.0460
Std Test AUC: 0.0109
------------------------- time cost ------------------------- 7.634077310562134

-------------Round number: 42-------------

Evaluate local models
Averaged Train Loss: 0.6071
Averaged Test Accurancy: 0.4663
Averaged Test AUC: 0.9619
Std Test Accurancy: 0.0380
Std Test AUC: 0.0036
------------------------- time cost ------------------------- 7.680870532989502

-------------Round number: 43-------------

Evaluate local models
Averaged Train Loss: 0.5736
Averaged Test Accurancy: 0.4590
Averaged Test AUC: 0.9634
Std Test Accurancy: 0.0259
Std Test AUC: 0.0054
------------------------- time cost ------------------------- 7.598976135253906

-------------Round number: 44-------------

Evaluate local models
Averaged Train Loss: 0.5429
Averaged Test Accurancy: 0.4640
Averaged Test AUC: 0.9636
Std Test Accurancy: 0.0228
Std Test AUC: 0.0048
------------------------- time cost ------------------------- 7.677063941955566

-------------Round number: 45-------------

Evaluate local models
Averaged Train Loss: 0.4988
Averaged Test Accurancy: 0.4505
Averaged Test AUC: 0.9596
Std Test Accurancy: 0.0548
Std Test AUC: 0.0080
------------------------- time cost ------------------------- 7.6036787033081055

-------------Round number: 46-------------

Evaluate local models
Averaged Train Loss: 0.4359
Averaged Test Accurancy: 0.4474
Averaged Test AUC: 0.9569
Std Test Accurancy: 0.0517
Std Test AUC: 0.0101
------------------------- time cost ------------------------- 7.576074600219727

-------------Round number: 47-------------

Evaluate local models
Averaged Train Loss: 0.4128
Averaged Test Accurancy: 0.4602
Averaged Test AUC: 0.9593
Std Test Accurancy: 0.0492
Std Test AUC: 0.0085
------------------------- time cost ------------------------- 7.43157172203064

-------------Round number: 48-------------

Evaluate local models
Averaged Train Loss: 0.4312
Averaged Test Accurancy: 0.4620
Averaged Test AUC: 0.9612
Std Test Accurancy: 0.0398
Std Test AUC: 0.0047
------------------------- time cost ------------------------- 7.483868360519409

-------------Round number: 49-------------

Evaluate local models
Averaged Train Loss: 0.4535
Averaged Test Accurancy: 0.4563
Averaged Test AUC: 0.9567
Std Test Accurancy: 0.0663
Std Test AUC: 0.0097
------------------------- time cost ------------------------- 7.6548614501953125

-------------Round number: 50-------------

Evaluate local models
Averaged Train Loss: 0.3404
Averaged Test Accurancy: 0.4526
Averaged Test AUC: 0.9590
Std Test Accurancy: 0.0635
Std Test AUC: 0.0092
------------------------- time cost ------------------------- 7.4440367221832275

-------------Round number: 51-------------

Evaluate local models
Averaged Train Loss: 0.3631
Averaged Test Accurancy: 0.4476
Averaged Test AUC: 0.9574
Std Test Accurancy: 0.0478
Std Test AUC: 0.0113
------------------------- time cost ------------------------- 7.236526012420654

-------------Round number: 52-------------

Evaluate local models
Averaged Train Loss: 0.3093
Averaged Test Accurancy: 0.4712
Averaged Test AUC: 0.9602
Std Test Accurancy: 0.0303
Std Test AUC: 0.0086
------------------------- time cost ------------------------- 7.801116466522217

-------------Round number: 53-------------

Evaluate local models
Averaged Train Loss: 0.2788
Averaged Test Accurancy: 0.4460
Averaged Test AUC: 0.9571
Std Test Accurancy: 0.0495
Std Test AUC: 0.0083
------------------------- time cost ------------------------- 7.786622762680054

-------------Round number: 54-------------

Evaluate local models
Averaged Train Loss: 0.2836
Averaged Test Accurancy: 0.4578
Averaged Test AUC: 0.9577
Std Test Accurancy: 0.0589
Std Test AUC: 0.0099
------------------------- time cost ------------------------- 7.235393524169922

-------------Round number: 55-------------

Evaluate local models
Averaged Train Loss: 0.2523
Averaged Test Accurancy: 0.4539
Averaged Test AUC: 0.9580
Std Test Accurancy: 0.0466
Std Test AUC: 0.0089
------------------------- time cost ------------------------- 7.702685117721558

-------------Round number: 56-------------

Evaluate local models
Averaged Train Loss: 0.2708
Averaged Test Accurancy: 0.4637
Averaged Test AUC: 0.9612
Std Test Accurancy: 0.0241
Std Test AUC: 0.0061
------------------------- time cost ------------------------- 7.777599096298218

-------------Round number: 57-------------

Evaluate local models
Averaged Train Loss: 0.2986
Averaged Test Accurancy: 0.4452
Averaged Test AUC: 0.9572
Std Test Accurancy: 0.0528
Std Test AUC: 0.0089
------------------------- time cost ------------------------- 7.478617429733276

-------------Round number: 58-------------

Evaluate local models
Averaged Train Loss: 0.1788
Averaged Test Accurancy: 0.4804
Averaged Test AUC: 0.9627
Std Test Accurancy: 0.0287
Std Test AUC: 0.0049
------------------------- time cost ------------------------- 7.715686321258545

-------------Round number: 59-------------

Evaluate local models
Averaged Train Loss: 0.1641
Averaged Test Accurancy: 0.4724
Averaged Test AUC: 0.9604
Std Test Accurancy: 0.0204
Std Test AUC: 0.0074
------------------------- time cost ------------------------- 7.45478892326355

-------------Round number: 60-------------

Evaluate local models
Averaged Train Loss: 0.1431
Averaged Test Accurancy: 0.4649
Averaged Test AUC: 0.9612
Std Test Accurancy: 0.0263
Std Test AUC: 0.0081
------------------------- time cost ------------------------- 7.320659399032593

-------------Round number: 61-------------

Evaluate local models
Averaged Train Loss: 0.1271
Averaged Test Accurancy: 0.4732
Averaged Test AUC: 0.9572
Std Test Accurancy: 0.0597
Std Test AUC: 0.0111
------------------------- time cost ------------------------- 7.242874622344971

-------------Round number: 62-------------

Evaluate local models
Averaged Train Loss: 0.1162
Averaged Test Accurancy: 0.4703
Averaged Test AUC: 0.9629
Std Test Accurancy: 0.0309
Std Test AUC: 0.0058
------------------------- time cost ------------------------- 7.382469415664673

-------------Round number: 63-------------

Evaluate local models
Averaged Train Loss: 0.1078
Averaged Test Accurancy: 0.4808
Averaged Test AUC: 0.9610
Std Test Accurancy: 0.0282
Std Test AUC: 0.0069
------------------------- time cost ------------------------- 7.525565147399902

-------------Round number: 64-------------

Evaluate local models
Averaged Train Loss: 0.0913
Averaged Test Accurancy: 0.4521
Averaged Test AUC: 0.9565
Std Test Accurancy: 0.0449
Std Test AUC: 0.0104
------------------------- time cost ------------------------- 7.240341424942017

-------------Round number: 65-------------

Evaluate local models
Averaged Train Loss: 0.0871
Averaged Test Accurancy: 0.4684
Averaged Test AUC: 0.9554
Std Test Accurancy: 0.0582
Std Test AUC: 0.0089
------------------------- time cost ------------------------- 7.47942852973938

-------------Round number: 66-------------

Evaluate local models
Averaged Train Loss: 0.0847
Averaged Test Accurancy: 0.4646
Averaged Test AUC: 0.9592
Std Test Accurancy: 0.0473
Std Test AUC: 0.0094
------------------------- time cost ------------------------- 7.537995100021362

-------------Round number: 67-------------

Evaluate local models
Averaged Train Loss: 0.1028
Averaged Test Accurancy: 0.4701
Averaged Test AUC: 0.9576
Std Test Accurancy: 0.0461
Std Test AUC: 0.0035
------------------------- time cost ------------------------- 7.527094841003418

-------------Round number: 68-------------

Evaluate local models
Averaged Train Loss: 0.0815
Averaged Test Accurancy: 0.4751
Averaged Test AUC: 0.9590
Std Test Accurancy: 0.0351
Std Test AUC: 0.0048
------------------------- time cost ------------------------- 7.698517084121704

-------------Round number: 69-------------

Evaluate local models
Averaged Train Loss: 0.0819
Averaged Test Accurancy: 0.4663
Averaged Test AUC: 0.9575
Std Test Accurancy: 0.0519
Std Test AUC: 0.0084
------------------------- time cost ------------------------- 7.47185492515564

-------------Round number: 70-------------

Evaluate local models
Averaged Train Loss: 0.0754
Averaged Test Accurancy: 0.4890
Averaged Test AUC: 0.9621
Std Test Accurancy: 0.0348
Std Test AUC: 0.0045
------------------------- time cost ------------------------- 7.556971549987793

-------------Round number: 71-------------

Evaluate local models
Averaged Train Loss: 0.0683
Averaged Test Accurancy: 0.4854
Averaged Test AUC: 0.9585
Std Test Accurancy: 0.0387
Std Test AUC: 0.0041
------------------------- time cost ------------------------- 7.807094097137451

-------------Round number: 72-------------

Evaluate local models
Averaged Train Loss: 0.0620
Averaged Test Accurancy: 0.4696
Averaged Test AUC: 0.9579
Std Test Accurancy: 0.0525
Std Test AUC: 0.0088
------------------------- time cost ------------------------- 7.527975082397461

-------------Round number: 73-------------

Evaluate local models
Averaged Train Loss: 0.0543
Averaged Test Accurancy: 0.4847
Averaged Test AUC: 0.9577
Std Test Accurancy: 0.0384
Std Test AUC: 0.0068
------------------------- time cost ------------------------- 7.571280479431152

-------------Round number: 74-------------

Evaluate local models
Averaged Train Loss: 0.0542
Averaged Test Accurancy: 0.4953
Averaged Test AUC: 0.9623
Std Test Accurancy: 0.0310
Std Test AUC: 0.0047
------------------------- time cost ------------------------- 7.686851739883423

-------------Round number: 75-------------

Evaluate local models
Averaged Train Loss: 0.0454
Averaged Test Accurancy: 0.4738
Averaged Test AUC: 0.9584
Std Test Accurancy: 0.0544
Std Test AUC: 0.0092
------------------------- time cost ------------------------- 7.527013063430786

-------------Round number: 76-------------

Evaluate local models
Averaged Train Loss: 0.0507
Averaged Test Accurancy: 0.4658
Averaged Test AUC: 0.9579
Std Test Accurancy: 0.0438
Std Test AUC: 0.0092
------------------------- time cost ------------------------- 7.564359664916992

-------------Round number: 77-------------

Evaluate local models
Averaged Train Loss: 0.0439
Averaged Test Accurancy: 0.4617
Averaged Test AUC: 0.9576
Std Test Accurancy: 0.0525
Std Test AUC: 0.0098
------------------------- time cost ------------------------- 7.496091842651367

-------------Round number: 78-------------

Evaluate local models
Averaged Train Loss: 0.0426
Averaged Test Accurancy: 0.4727
Averaged Test AUC: 0.9596
Std Test Accurancy: 0.0329
Std Test AUC: 0.0049
------------------------- time cost ------------------------- 7.689547538757324

-------------Round number: 79-------------

Evaluate local models
Averaged Train Loss: 0.0396
Averaged Test Accurancy: 0.4621
Averaged Test AUC: 0.9553
Std Test Accurancy: 0.0463
Std Test AUC: 0.0097
------------------------- time cost ------------------------- 7.401883363723755

-------------Round number: 80-------------

Evaluate local models
Averaged Train Loss: 0.0329
Averaged Test Accurancy: 0.4881
Averaged Test AUC: 0.9603
Std Test Accurancy: 0.0246
Std Test AUC: 0.0073
------------------------- time cost ------------------------- 7.490332841873169

-------------Round number: 81-------------

Evaluate local models
Averaged Train Loss: 0.0352
Averaged Test Accurancy: 0.4736
Averaged Test AUC: 0.9578
Std Test Accurancy: 0.0513
Std Test AUC: 0.0103
------------------------- time cost ------------------------- 7.520365476608276

-------------Round number: 82-------------

Evaluate local models
Averaged Train Loss: 0.0347
Averaged Test Accurancy: 0.4727
Averaged Test AUC: 0.9563
Std Test Accurancy: 0.0292
Std Test AUC: 0.0056
------------------------- time cost ------------------------- 7.741446495056152

-------------Round number: 83-------------

Evaluate local models
Averaged Train Loss: 0.0295
Averaged Test Accurancy: 0.4805
Averaged Test AUC: 0.9599
Std Test Accurancy: 0.0222
Std Test AUC: 0.0042
------------------------- time cost ------------------------- 7.924342632293701

-------------Round number: 84-------------

Evaluate local models
Averaged Train Loss: 0.0308
Averaged Test Accurancy: 0.4815
Averaged Test AUC: 0.9601
Std Test Accurancy: 0.0486
Std Test AUC: 0.0098
------------------------- time cost ------------------------- 7.67234468460083

-------------Round number: 85-------------

Evaluate local models
Averaged Train Loss: 0.0325
Averaged Test Accurancy: 0.4546
Averaged Test AUC: 0.9538
Std Test Accurancy: 0.0393
Std Test AUC: 0.0092
------------------------- time cost ------------------------- 7.251450538635254

-------------Round number: 86-------------

Evaluate local models
Averaged Train Loss: 0.0296
Averaged Test Accurancy: 0.4941
Averaged Test AUC: 0.9591
Std Test Accurancy: 0.0388
Std Test AUC: 0.0051
------------------------- time cost ------------------------- 7.587400197982788

-------------Round number: 87-------------

Evaluate local models
Averaged Train Loss: 0.0262
Averaged Test Accurancy: 0.4993
Averaged Test AUC: 0.9610
Std Test Accurancy: 0.0370
Std Test AUC: 0.0042
------------------------- time cost ------------------------- 7.670860528945923

-------------Round number: 88-------------

Evaluate local models
Averaged Train Loss: 0.0274
Averaged Test Accurancy: 0.4912
Averaged Test AUC: 0.9580
Std Test Accurancy: 0.0380
Std Test AUC: 0.0074
------------------------- time cost ------------------------- 7.672966241836548

-------------Round number: 89-------------

Evaluate local models
Averaged Train Loss: 0.0241
Averaged Test Accurancy: 0.4783
Averaged Test AUC: 0.9553
Std Test Accurancy: 0.0469
Std Test AUC: 0.0100
------------------------- time cost ------------------------- 7.555586338043213

-------------Round number: 90-------------

Evaluate local models
Averaged Train Loss: 0.0246
Averaged Test Accurancy: 0.4943
Averaged Test AUC: 0.9599
Std Test Accurancy: 0.0228
Std Test AUC: 0.0037
------------------------- time cost ------------------------- 7.7223029136657715

-------------Round number: 91-------------

Evaluate local models
Averaged Train Loss: 0.0248
Averaged Test Accurancy: 0.4857
Averaged Test AUC: 0.9572
Std Test Accurancy: 0.0517
Std Test AUC: 0.0092
------------------------- time cost ------------------------- 7.477426290512085

-------------Round number: 92-------------

Evaluate local models
Averaged Train Loss: 0.0268
Averaged Test Accurancy: 0.4580
Averaged Test AUC: 0.9555
Std Test Accurancy: 0.0558
Std Test AUC: 0.0094
------------------------- time cost ------------------------- 7.508915901184082

-------------Round number: 93-------------

Evaluate local models
Averaged Train Loss: 0.0254
Averaged Test Accurancy: 0.4780
Averaged Test AUC: 0.9567
Std Test Accurancy: 0.0344
Std Test AUC: 0.0071
------------------------- time cost ------------------------- 7.689549922943115

-------------Round number: 94-------------

Evaluate local models
Averaged Train Loss: 0.0195
Averaged Test Accurancy: 0.4817
Averaged Test AUC: 0.9554
Std Test Accurancy: 0.0564
Std Test AUC: 0.0090
------------------------- time cost ------------------------- 7.504781723022461

-------------Round number: 95-------------

Evaluate local models
Averaged Train Loss: 0.0189
Averaged Test Accurancy: 0.4882
Averaged Test AUC: 0.9551
Std Test Accurancy: 0.0557
Std Test AUC: 0.0102
------------------------- time cost ------------------------- 7.3592376708984375

-------------Round number: 96-------------

Evaluate local models
Averaged Train Loss: 0.0216
Averaged Test Accurancy: 0.4771
Averaged Test AUC: 0.9576
Std Test Accurancy: 0.0312
Std Test AUC: 0.0078
------------------------- time cost ------------------------- 7.594257593154907

-------------Round number: 97-------------

Evaluate local models
Averaged Train Loss: 0.0228
Averaged Test Accurancy: 0.4702
Averaged Test AUC: 0.9586
Std Test Accurancy: 0.0186
Std Test AUC: 0.0076
------------------------- time cost ------------------------- 7.543676853179932

-------------Round number: 98-------------

Evaluate local models
Averaged Train Loss: 0.0193
Averaged Test Accurancy: 0.4827
Averaged Test AUC: 0.9587
Std Test Accurancy: 0.0274
Std Test AUC: 0.0071
------------------------- time cost ------------------------- 7.211233139038086

-------------Round number: 99-------------

Evaluate local models
Averaged Train Loss: 0.0177
Averaged Test Accurancy: 0.4934
Averaged Test AUC: 0.9574
Std Test Accurancy: 0.0386
Std Test AUC: 0.0074
------------------------- time cost ------------------------- 7.510239839553833

-------------Round number: 100-------------

Evaluate local models
Averaged Train Loss: 0.0200
Averaged Test Accurancy: 0.4755
Averaged Test AUC: 0.9582
Std Test Accurancy: 0.0480
Std Test AUC: 0.0098
------------------------- time cost ------------------------- 7.510505676269531

Best local accuracy.
0.49925187032418955

Average time cost per round.
7.55727520942688
File path: ../results/Cifar100_FedAvg_reproduce_0.h5

Average time cost: 773.21s.
Length:  101
std for best accurancy: 0.0
mean for best accurancy: 0.49925187032418955
All done!

Storage on cuda:0
-------------------------------------------------------------------------------
Total Tensors: 57331896 	Used Memory: 148.19M
The allocated memory on cuda:0: 148.19M
-------------------------------------------------------------------------------
