==================================================
Algorithm: FedAvg
Local batch size: 64
Local steps: 5
Local learing rate: 0.01
Total number of clients: 20
Clients join in each round: 0.4
Client drop rate: 0.0
Time select: False
Time threthold: 10000
Global rounds: 100
Running times: 1
Dataset: Cifar100
Local model: cnn
Using device: cuda
use yd partition:1
Cuda device id: 1
==================================================

============= Running time: 0th =============
Creating server and clients ...
Total Trian samples 50000 Total test samples 10000

Join ratio / total clients: 0.4 / 20
Finished creating server and clients.

-------------Round number: 0-------------
Selected clients [19, 12, 4, 10, 11, 6, 15, 3]

Evaluate local models
Averaged Train Loss: 3.3858
Averaged Test Accurancy: 0.1683
Averaged Test AUC: 0.8629
Std Test Accurancy: 0.0270
Std Test AUC: 0.0132
------------------------- time cost ------------------------- 24.462265491485596

-------------Round number: 1-------------
Selected clients [19, 3, 13, 17, 4, 18, 12, 9]

Evaluate local models
Averaged Train Loss: 3.0709
Averaged Test Accurancy: 0.2049
Averaged Test AUC: 0.8880
Std Test Accurancy: 0.0307
Std Test AUC: 0.0085
------------------------- time cost ------------------------- 23.839382886886597

-------------Round number: 2-------------
Selected clients [1, 16, 2, 3, 9, 6, 8, 11]

Evaluate local models
Averaged Train Loss: 2.9540
Averaged Test Accurancy: 0.2297
Averaged Test AUC: 0.8993
Std Test Accurancy: 0.0232
Std Test AUC: 0.0082
------------------------- time cost ------------------------- 23.63017964363098

-------------Round number: 3-------------
Selected clients [18, 7, 11, 12, 6, 1, 2, 10]

Evaluate local models
Averaged Train Loss: 2.9485
Averaged Test Accurancy: 0.2272
Averaged Test AUC: 0.8979
Std Test Accurancy: 0.0236
Std Test AUC: 0.0086
------------------------- time cost ------------------------- 23.142860651016235

-------------Round number: 4-------------
Selected clients [12, 8, 18, 3, 5, 17, 16, 11]

Evaluate local models
Averaged Train Loss: 2.7630
Averaged Test Accurancy: 0.2609
Averaged Test AUC: 0.9080
Std Test Accurancy: 0.0243
Std Test AUC: 0.0093
------------------------- time cost ------------------------- 24.469193935394287

-------------Round number: 5-------------
Selected clients [2, 11, 19, 14, 4, 3, 16, 15]

Evaluate local models
Averaged Train Loss: 2.7492
Averaged Test Accurancy: 0.2664
Averaged Test AUC: 0.9055
Std Test Accurancy: 0.0327
Std Test AUC: 0.0105
------------------------- time cost ------------------------- 24.970285654067993

-------------Round number: 6-------------
Selected clients [0, 4, 14, 9, 6, 19, 10, 1]

Evaluate local models
Averaged Train Loss: 2.7190
Averaged Test Accurancy: 0.2669
Averaged Test AUC: 0.9078
Std Test Accurancy: 0.0304
Std Test AUC: 0.0093
------------------------- time cost ------------------------- 22.887117385864258

-------------Round number: 7-------------
Selected clients [7, 14, 9, 5, 18, 17, 13, 12]

Evaluate local models
Averaged Train Loss: 2.6140
Averaged Test Accurancy: 0.2792
Averaged Test AUC: 0.9139
Std Test Accurancy: 0.0487
Std Test AUC: 0.0101
------------------------- time cost ------------------------- 24.084002256393433

-------------Round number: 8-------------
Selected clients [16, 11, 1, 17, 6, 4, 13, 9]

Evaluate local models
Averaged Train Loss: 2.5881
Averaged Test Accurancy: 0.2649
Averaged Test AUC: 0.9126
Std Test Accurancy: 0.0273
Std Test AUC: 0.0034
------------------------- time cost ------------------------- 23.255597591400146

-------------Round number: 9-------------
Selected clients [13, 14, 8, 1, 19, 0, 12, 11]

Evaluate local models
Averaged Train Loss: 2.4981
Averaged Test Accurancy: 0.2785
Averaged Test AUC: 0.9182
Std Test Accurancy: 0.0274
Std Test AUC: 0.0099
------------------------- time cost ------------------------- 24.12940502166748

-------------Round number: 10-------------
Selected clients [13, 11, 15, 6, 0, 7, 4, 18]

Evaluate local models
Averaged Train Loss: 2.5414
Averaged Test Accurancy: 0.2682
Averaged Test AUC: 0.9146
Std Test Accurancy: 0.0317
Std Test AUC: 0.0088
------------------------- time cost ------------------------- 23.837158918380737

-------------Round number: 11-------------
Selected clients [5, 18, 11, 10, 0, 12, 16, 7]

Evaluate local models
Averaged Train Loss: 2.3444
Averaged Test Accurancy: 0.3157
Averaged Test AUC: 0.9228
Std Test Accurancy: 0.0371
Std Test AUC: 0.0089
------------------------- time cost ------------------------- 23.854414224624634

-------------Round number: 12-------------
Selected clients [9, 7, 6, 14, 2, 16, 12, 3]

Evaluate local models
Averaged Train Loss: 2.3230
Averaged Test Accurancy: 0.3058
Averaged Test AUC: 0.9217
Std Test Accurancy: 0.0296
Std Test AUC: 0.0075
------------------------- time cost ------------------------- 23.535489559173584

-------------Round number: 13-------------
Selected clients [4, 6, 5, 9, 19, 8, 10, 13]

Evaluate local models
Averaged Train Loss: 2.1946
Averaged Test Accurancy: 0.3279
Averaged Test AUC: 0.9233
Std Test Accurancy: 0.0438
Std Test AUC: 0.0099
------------------------- time cost ------------------------- 23.187915325164795

-------------Round number: 14-------------
Selected clients [16, 0, 10, 2, 13, 12, 18, 14]

Evaluate local models
Averaged Train Loss: 2.1774
Averaged Test Accurancy: 0.3219
Averaged Test AUC: 0.9263
Std Test Accurancy: 0.0366
Std Test AUC: 0.0078
------------------------- time cost ------------------------- 24.39946436882019

-------------Round number: 15-------------
Selected clients [6, 19, 17, 7, 12, 13, 4, 0]

Evaluate local models
Averaged Train Loss: 2.1267
Averaged Test Accurancy: 0.3120
Averaged Test AUC: 0.9221
Std Test Accurancy: 0.0342
Std Test AUC: 0.0074
------------------------- time cost ------------------------- 23.64043617248535

-------------Round number: 16-------------
Selected clients [11, 15, 2, 1, 12, 9, 7, 17]

Evaluate local models
Averaged Train Loss: 2.1425
Averaged Test Accurancy: 0.3104
Averaged Test AUC: 0.9246
Std Test Accurancy: 0.0397
Std Test AUC: 0.0068
------------------------- time cost ------------------------- 24.388732433319092

-------------Round number: 17-------------
Selected clients [16, 1, 17, 3, 5, 4, 13, 15]

Evaluate local models
Averaged Train Loss: 2.0306
Averaged Test Accurancy: 0.3441
Averaged Test AUC: 0.9269
Std Test Accurancy: 0.0481
Std Test AUC: 0.0101
------------------------- time cost ------------------------- 24.449179649353027

-------------Round number: 18-------------
Selected clients [8, 13, 17, 11, 3, 9, 10, 16]

Evaluate local models
Averaged Train Loss: 1.8795
Averaged Test Accurancy: 0.3487
Averaged Test AUC: 0.9282
Std Test Accurancy: 0.0301
Std Test AUC: 0.0058
------------------------- time cost ------------------------- 23.688799381256104

-------------Round number: 19-------------
Selected clients [14, 13, 4, 15, 16, 7, 3, 18]

Evaluate local models
Averaged Train Loss: 1.8769
Averaged Test Accurancy: 0.3465
Averaged Test AUC: 0.9257
Std Test Accurancy: 0.0381
Std Test AUC: 0.0061
------------------------- time cost ------------------------- 24.634509563446045

-------------Round number: 20-------------
Selected clients [7, 2, 4, 15, 0, 16, 12, 19]

Evaluate local models
Averaged Train Loss: 1.8308
Averaged Test Accurancy: 0.3261
Averaged Test AUC: 0.9258
Std Test Accurancy: 0.0385
Std Test AUC: 0.0090
------------------------- time cost ------------------------- 24.825747966766357

-------------Round number: 21-------------
Selected clients [19, 1, 12, 18, 3, 7, 17, 2]

Evaluate local models
Averaged Train Loss: 1.7291
Averaged Test Accurancy: 0.3589
Averaged Test AUC: 0.9279
Std Test Accurancy: 0.0303
Std Test AUC: 0.0075
------------------------- time cost ------------------------- 24.67013692855835

-------------Round number: 22-------------
Selected clients [14, 12, 6, 17, 7, 5, 8, 1]

Evaluate local models
Averaged Train Loss: 1.6466
Averaged Test Accurancy: 0.3660
Averaged Test AUC: 0.9331
Std Test Accurancy: 0.0594
Std Test AUC: 0.0086
------------------------- time cost ------------------------- 23.90623188018799

-------------Round number: 23-------------
Selected clients [19, 0, 1, 5, 3, 15, 9, 17]

Evaluate local models
Averaged Train Loss: 1.5756
Averaged Test Accurancy: 0.3806
Averaged Test AUC: 0.9312
Std Test Accurancy: 0.0350
Std Test AUC: 0.0094
------------------------- time cost ------------------------- 24.34227752685547

-------------Round number: 24-------------
Selected clients [8, 3, 13, 2, 6, 12, 15, 16]

Evaluate local models
Averaged Train Loss: 1.5365
Averaged Test Accurancy: 0.3552
Averaged Test AUC: 0.9291
Std Test Accurancy: 0.0460
Std Test AUC: 0.0074
------------------------- time cost ------------------------- 24.506165742874146

-------------Round number: 25-------------
Selected clients [15, 3, 2, 7, 5, 13, 9, 6]

Evaluate local models
Averaged Train Loss: 1.4661
Averaged Test Accurancy: 0.3512
Averaged Test AUC: 0.9270
Std Test Accurancy: 0.0541
Std Test AUC: 0.0099
------------------------- time cost ------------------------- 24.114339590072632

-------------Round number: 26-------------
Selected clients [19, 0, 12, 2, 1, 9, 16, 8]

Evaluate local models
Averaged Train Loss: 1.3532
Averaged Test Accurancy: 0.3678
Averaged Test AUC: 0.9311
Std Test Accurancy: 0.0431
Std Test AUC: 0.0090
------------------------- time cost ------------------------- 24.26280927658081

-------------Round number: 27-------------
Selected clients [2, 19, 14, 11, 10, 7, 1, 12]

Evaluate local models
Averaged Train Loss: 1.3744
Averaged Test Accurancy: 0.3560
Averaged Test AUC: 0.9285
Std Test Accurancy: 0.0324
Std Test AUC: 0.0069
------------------------- time cost ------------------------- 24.111071825027466

-------------Round number: 28-------------
Selected clients [7, 8, 5, 16, 0, 9, 19, 11]

Evaluate local models
Averaged Train Loss: 1.2240
Averaged Test Accurancy: 0.3816
Averaged Test AUC: 0.9309
Std Test Accurancy: 0.0436
Std Test AUC: 0.0107
------------------------- time cost ------------------------- 24.176929712295532

-------------Round number: 29-------------
Selected clients [4, 18, 6, 9, 13, 10, 2, 8]

Evaluate local models
Averaged Train Loss: 1.2690
Averaged Test Accurancy: 0.3692
Averaged Test AUC: 0.9303
Std Test Accurancy: 0.0366
Std Test AUC: 0.0064
------------------------- time cost ------------------------- 23.607097387313843

-------------Round number: 30-------------
Selected clients [10, 17, 9, 12, 5, 19, 6, 15]

Evaluate local models
Averaged Train Loss: 1.1316
Averaged Test Accurancy: 0.3538
Averaged Test AUC: 0.9272
Std Test Accurancy: 0.0269
Std Test AUC: 0.0083
------------------------- time cost ------------------------- 23.478507041931152

-------------Round number: 31-------------
Selected clients [19, 1, 16, 18, 9, 0, 12, 17]

Evaluate local models
Averaged Train Loss: 1.0644
Averaged Test Accurancy: 0.3806
Averaged Test AUC: 0.9286
Std Test Accurancy: 0.0355
Std Test AUC: 0.0056
------------------------- time cost ------------------------- 23.76627230644226

-------------Round number: 32-------------
Selected clients [1, 10, 6, 13, 12, 15, 11, 2]

Evaluate local models
Averaged Train Loss: 1.0725
Averaged Test Accurancy: 0.3479
Averaged Test AUC: 0.9268
Std Test Accurancy: 0.0309
Std Test AUC: 0.0059
------------------------- time cost ------------------------- 23.798492908477783

-------------Round number: 33-------------
Selected clients [19, 5, 15, 17, 11, 4, 3, 16]

Evaluate local models
Averaged Train Loss: 0.9515
Averaged Test Accurancy: 0.3823
Averaged Test AUC: 0.9278
Std Test Accurancy: 0.0455
Std Test AUC: 0.0086
------------------------- time cost ------------------------- 24.664015531539917

-------------Round number: 34-------------
Selected clients [2, 8, 4, 17, 7, 5, 16, 15]

Evaluate local models
Averaged Train Loss: 0.8571
Averaged Test Accurancy: 0.3685
Averaged Test AUC: 0.9296
Std Test Accurancy: 0.0363
Std Test AUC: 0.0097
------------------------- time cost ------------------------- 24.93472695350647

-------------Round number: 35-------------
Selected clients [1, 17, 11, 0, 6, 9, 4, 2]

Evaluate local models
Averaged Train Loss: 0.8808
Averaged Test Accurancy: 0.3621
Averaged Test AUC: 0.9279
Std Test Accurancy: 0.0267
Std Test AUC: 0.0041
------------------------- time cost ------------------------- 23.602721691131592

-------------Round number: 36-------------
Selected clients [16, 10, 18, 15, 5, 19, 17, 14]

Evaluate local models
Averaged Train Loss: 0.8106
Averaged Test Accurancy: 0.3844
Averaged Test AUC: 0.9273
Std Test Accurancy: 0.0347
Std Test AUC: 0.0096
------------------------- time cost ------------------------- 24.01883888244629

-------------Round number: 37-------------
Selected clients [13, 11, 1, 16, 3, 5, 15, 12]

Evaluate local models
Averaged Train Loss: 0.7294
Averaged Test Accurancy: 0.3764
Averaged Test AUC: 0.9283
Std Test Accurancy: 0.0465
Std Test AUC: 0.0082
------------------------- time cost ------------------------- 24.493629932403564

-------------Round number: 38-------------
Selected clients [19, 6, 18, 14, 7, 0, 3, 10]

Evaluate local models
Averaged Train Loss: 0.7125
Averaged Test Accurancy: 0.3887
Averaged Test AUC: 0.9291
Std Test Accurancy: 0.0389
Std Test AUC: 0.0048
------------------------- time cost ------------------------- 23.15593385696411

-------------Round number: 39-------------
Selected clients [2, 5, 3, 4, 6, 1, 0, 17]

Evaluate local models
Averaged Train Loss: 0.5836
Averaged Test Accurancy: 0.3843
Averaged Test AUC: 0.9332
Std Test Accurancy: 0.0388
Std Test AUC: 0.0068
------------------------- time cost ------------------------- 24.051633596420288

-------------Round number: 40-------------
Selected clients [17, 12, 5, 3, 16, 2, 19, 6]

Evaluate local models
Averaged Train Loss: 0.4865
Averaged Test Accurancy: 0.3778
Averaged Test AUC: 0.9281
Std Test Accurancy: 0.0412
Std Test AUC: 0.0074
------------------------- time cost ------------------------- 23.907347917556763

-------------Round number: 41-------------
Selected clients [11, 9, 16, 18, 3, 7, 6, 2]

Evaluate local models
Averaged Train Loss: 0.4872
Averaged Test Accurancy: 0.3893
Averaged Test AUC: 0.9278
Std Test Accurancy: 0.0261
Std Test AUC: 0.0045
------------------------- time cost ------------------------- 23.347694396972656

-------------Round number: 42-------------
Selected clients [4, 10, 3, 13, 14, 11, 2, 19]

Evaluate local models
Averaged Train Loss: 0.4618
Averaged Test Accurancy: 0.3720
Averaged Test AUC: 0.9274
Std Test Accurancy: 0.0354
Std Test AUC: 0.0051
------------------------- time cost ------------------------- 24.06416344642639

-------------Round number: 43-------------
Selected clients [1, 16, 6, 7, 10, 4, 8, 5]

Evaluate local models
Averaged Train Loss: 0.4010
Averaged Test Accurancy: 0.3949
Averaged Test AUC: 0.9307
Std Test Accurancy: 0.0379
Std Test AUC: 0.0068
------------------------- time cost ------------------------- 23.258264780044556

-------------Round number: 44-------------
Selected clients [16, 9, 15, 12, 1, 5, 4, 10]

Evaluate local models
Averaged Train Loss: 0.3770
Averaged Test Accurancy: 0.3646
Averaged Test AUC: 0.9258
Std Test Accurancy: 0.0459
Std Test AUC: 0.0075
------------------------- time cost ------------------------- 23.774560689926147

-------------Round number: 45-------------
Selected clients [5, 16, 7, 0, 12, 17, 3, 11]

Evaluate local models
Averaged Train Loss: 0.3218
Averaged Test Accurancy: 0.3819
Averaged Test AUC: 0.9290
Std Test Accurancy: 0.0352
Std Test AUC: 0.0077
------------------------- time cost ------------------------- 24.016510725021362

-------------Round number: 46-------------
Selected clients [14, 6, 4, 9, 1, 18, 17, 13]

Evaluate local models
Averaged Train Loss: 0.3613
Averaged Test Accurancy: 0.3721
Averaged Test AUC: 0.9264
Std Test Accurancy: 0.0328
Std Test AUC: 0.0045
------------------------- time cost ------------------------- 23.032529592514038

-------------Round number: 47-------------
Selected clients [17, 0, 6, 16, 4, 13, 7, 19]

Evaluate local models
Averaged Train Loss: 0.2574
Averaged Test Accurancy: 0.3698
Averaged Test AUC: 0.9253
Std Test Accurancy: 0.0234
Std Test AUC: 0.0053
------------------------- time cost ------------------------- 23.434713125228882

-------------Round number: 48-------------
Selected clients [10, 14, 7, 4, 12, 16, 18, 2]

Evaluate local models
Averaged Train Loss: 0.2497
Averaged Test Accurancy: 0.3721
Averaged Test AUC: 0.9268
Std Test Accurancy: 0.0345
Std Test AUC: 0.0056
------------------------- time cost ------------------------- 23.892298460006714

-------------Round number: 49-------------
Selected clients [9, 10, 12, 14, 5, 17, 18, 3]

Evaluate local models
Averaged Train Loss: 0.2188
Averaged Test Accurancy: 0.3937
Averaged Test AUC: 0.9285
Std Test Accurancy: 0.0373
Std Test AUC: 0.0065
------------------------- time cost ------------------------- 23.37851572036743

-------------Round number: 50-------------
Selected clients [17, 1, 10, 6, 18, 16, 5, 15]

Evaluate local models
Averaged Train Loss: 0.1805
Averaged Test Accurancy: 0.4074
Averaged Test AUC: 0.9288
Std Test Accurancy: 0.0264
Std Test AUC: 0.0064
------------------------- time cost ------------------------- 23.37133502960205

-------------Round number: 51-------------
Selected clients [12, 0, 15, 4, 14, 17, 5, 1]

Evaluate local models
Averaged Train Loss: 0.1765
Averaged Test Accurancy: 0.3849
Averaged Test AUC: 0.9281
Std Test Accurancy: 0.0369
Std Test AUC: 0.0077
------------------------- time cost ------------------------- 24.29845690727234

-------------Round number: 52-------------
Selected clients [17, 0, 9, 3, 4, 6, 11, 10]

Evaluate local models
Averaged Train Loss: 0.1593
Averaged Test Accurancy: 0.3801
Averaged Test AUC: 0.9265
Std Test Accurancy: 0.0286
Std Test AUC: 0.0043
------------------------- time cost ------------------------- 22.73716139793396

-------------Round number: 53-------------
Selected clients [19, 5, 4, 1, 14, 18, 0, 7]

Evaluate local models
Averaged Train Loss: 0.1435
Averaged Test Accurancy: 0.4036
Averaged Test AUC: 0.9294
Std Test Accurancy: 0.0248
Std Test AUC: 0.0066
------------------------- time cost ------------------------- 24.159171104431152

-------------Round number: 54-------------
Selected clients [5, 7, 17, 18, 11, 6, 13, 4]

Evaluate local models
Averaged Train Loss: 0.1347
Averaged Test Accurancy: 0.3753
Averaged Test AUC: 0.9254
Std Test Accurancy: 0.0349
Std Test AUC: 0.0057
------------------------- time cost ------------------------- 23.719072341918945

-------------Round number: 55-------------
Selected clients [3, 2, 16, 17, 0, 13, 1, 6]

Evaluate local models
Averaged Train Loss: 0.1147
Averaged Test Accurancy: 0.3830
Averaged Test AUC: 0.9304
Std Test Accurancy: 0.0403
Std Test AUC: 0.0062
------------------------- time cost ------------------------- 23.583631992340088

-------------Round number: 56-------------
Selected clients [14, 12, 17, 10, 4, 16, 5, 1]

Evaluate local models
Averaged Train Loss: 0.0840
Averaged Test Accurancy: 0.3947
Averaged Test AUC: 0.9293
Std Test Accurancy: 0.0327
Std Test AUC: 0.0055
------------------------- time cost ------------------------- 23.903724908828735

-------------Round number: 57-------------
Selected clients [0, 10, 13, 5, 2, 3, 15, 6]

Evaluate local models
Averaged Train Loss: 0.1020
Averaged Test Accurancy: 0.3842
Averaged Test AUC: 0.9298
Std Test Accurancy: 0.0403
Std Test AUC: 0.0082
------------------------- time cost ------------------------- 23.768003225326538

-------------Round number: 58-------------
Selected clients [17, 13, 12, 8, 6, 19, 3, 4]

Evaluate local models
Averaged Train Loss: 0.1002
Averaged Test Accurancy: 0.3875
Averaged Test AUC: 0.9270
Std Test Accurancy: 0.0469
Std Test AUC: 0.0056
------------------------- time cost ------------------------- 23.8992280960083

-------------Round number: 59-------------
Selected clients [11, 0, 3, 8, 12, 17, 15, 2]

Evaluate local models
Averaged Train Loss: 0.0934
Averaged Test Accurancy: 0.3860
Averaged Test AUC: 0.9291
Std Test Accurancy: 0.0463
Std Test AUC: 0.0075
------------------------- time cost ------------------------- 24.509387493133545

-------------Round number: 60-------------
Selected clients [7, 2, 5, 1, 3, 10, 8, 11]

Evaluate local models
Averaged Train Loss: 0.0728
Averaged Test Accurancy: 0.4135
Averaged Test AUC: 0.9318
Std Test Accurancy: 0.0406
Std Test AUC: 0.0070
------------------------- time cost ------------------------- 24.430065393447876

-------------Round number: 61-------------
Selected clients [11, 5, 8, 2, 15, 17, 18, 6]

Evaluate local models
Averaged Train Loss: 0.0690
Averaged Test Accurancy: 0.3990
Averaged Test AUC: 0.9295
Std Test Accurancy: 0.0401
Std Test AUC: 0.0078
------------------------- time cost ------------------------- 24.318178176879883

-------------Round number: 62-------------
Selected clients [12, 3, 5, 18, 7, 14, 11, 4]

Evaluate local models
Averaged Train Loss: 0.0620
Averaged Test Accurancy: 0.4057
Averaged Test AUC: 0.9288
Std Test Accurancy: 0.0376
Std Test AUC: 0.0060
------------------------- time cost ------------------------- 24.364372730255127

-------------Round number: 63-------------
Selected clients [7, 15, 9, 14, 0, 5, 13, 1]

Evaluate local models
Averaged Train Loss: 0.0718
Averaged Test Accurancy: 0.3823
Averaged Test AUC: 0.9270
Std Test Accurancy: 0.0357
Std Test AUC: 0.0078
------------------------- time cost ------------------------- 24.158479928970337

-------------Round number: 64-------------
Selected clients [17, 19, 8, 15, 4, 0, 13, 7]

Evaluate local models
Averaged Train Loss: 0.0568
Averaged Test Accurancy: 0.3943
Averaged Test AUC: 0.9253
Std Test Accurancy: 0.0479
Std Test AUC: 0.0069
------------------------- time cost ------------------------- 24.727914333343506

-------------Round number: 65-------------
Selected clients [14, 3, 5, 17, 6, 11, 16, 12]

Evaluate local models
Averaged Train Loss: 0.0473
Averaged Test Accurancy: 0.3994
Averaged Test AUC: 0.9287
Std Test Accurancy: 0.0340
Std Test AUC: 0.0064
------------------------- time cost ------------------------- 23.558878183364868

-------------Round number: 66-------------
Selected clients [13, 4, 12, 11, 19, 8, 5, 14]

Evaluate local models
Averaged Train Loss: 0.0514
Averaged Test Accurancy: 0.4015
Averaged Test AUC: 0.9274
Std Test Accurancy: 0.0453
Std Test AUC: 0.0074
------------------------- time cost ------------------------- 24.411055326461792

-------------Round number: 67-------------
Selected clients [12, 13, 2, 6, 8, 1, 3, 7]

Evaluate local models
Averaged Train Loss: 0.0453
Averaged Test Accurancy: 0.3980
Averaged Test AUC: 0.9287
Std Test Accurancy: 0.0453
Std Test AUC: 0.0076
------------------------- time cost ------------------------- 23.66006875038147

-------------Round number: 68-------------
Selected clients [2, 17, 5, 3, 1, 16, 12, 11]

Evaluate local models
Averaged Train Loss: 0.0363
Averaged Test Accurancy: 0.4040
Averaged Test AUC: 0.9298
Std Test Accurancy: 0.0393
Std Test AUC: 0.0067
------------------------- time cost ------------------------- 24.505218029022217

-------------Round number: 69-------------
Selected clients [10, 12, 13, 11, 14, 5, 18, 6]

Evaluate local models
Averaged Train Loss: 0.0433
Averaged Test Accurancy: 0.3885
Averaged Test AUC: 0.9263
Std Test Accurancy: 0.0399
Std Test AUC: 0.0064
------------------------- time cost ------------------------- 23.416768312454224

-------------Round number: 70-------------
Selected clients [2, 19, 7, 16, 10, 6, 0, 12]

Evaluate local models
Averaged Train Loss: 0.0401
Averaged Test Accurancy: 0.3917
Averaged Test AUC: 0.9270
Std Test Accurancy: 0.0264
Std Test AUC: 0.0056
------------------------- time cost ------------------------- 23.232826948165894

-------------Round number: 71-------------
Selected clients [3, 10, 17, 13, 18, 4, 14, 1]

Evaluate local models
Averaged Train Loss: 0.0368
Averaged Test Accurancy: 0.4053
Averaged Test AUC: 0.9275
Std Test Accurancy: 0.0451
Std Test AUC: 0.0051
------------------------- time cost ------------------------- 23.468488216400146

-------------Round number: 72-------------
Selected clients [2, 8, 1, 15, 5, 10, 3, 17]

Evaluate local models
Averaged Train Loss: 0.0339
Averaged Test Accurancy: 0.4146
Averaged Test AUC: 0.9308
Std Test Accurancy: 0.0454
Std Test AUC: 0.0082
------------------------- time cost ------------------------- 24.119538068771362

-------------Round number: 73-------------
Selected clients [5, 19, 8, 15, 11, 9, 7, 13]

Evaluate local models
Averaged Train Loss: 0.0390
Averaged Test Accurancy: 0.3946
Averaged Test AUC: 0.9253
Std Test Accurancy: 0.0468
Std Test AUC: 0.0082
------------------------- time cost ------------------------- 24.110464572906494

-------------Round number: 74-------------
Selected clients [11, 14, 19, 7, 17, 15, 6, 18]

Evaluate local models
Averaged Train Loss: 0.0340
Averaged Test Accurancy: 0.3991
Averaged Test AUC: 0.9241
Std Test Accurancy: 0.0359
Std Test AUC: 0.0040
------------------------- time cost ------------------------- 23.649489641189575

-------------Round number: 75-------------
Selected clients [14, 16, 9, 8, 5, 0, 15, 11]

Evaluate local models
Averaged Train Loss: 0.0360
Averaged Test Accurancy: 0.4079
Averaged Test AUC: 0.9286
Std Test Accurancy: 0.0396
Std Test AUC: 0.0077
------------------------- time cost ------------------------- 24.047662019729614

-------------Round number: 76-------------
Selected clients [6, 14, 10, 4, 13, 2, 9, 5]

Evaluate local models
Averaged Train Loss: 0.0317
Averaged Test Accurancy: 0.3922
Averaged Test AUC: 0.9275
Std Test Accurancy: 0.0330
Std Test AUC: 0.0072
------------------------- time cost ------------------------- 23.32710862159729

-------------Round number: 77-------------
Selected clients [19, 13, 16, 9, 18, 10, 4, 11]

Evaluate local models
Averaged Train Loss: 0.0321
Averaged Test Accurancy: 0.3975
Averaged Test AUC: 0.9228
Std Test Accurancy: 0.0353
Std Test AUC: 0.0032
------------------------- time cost ------------------------- 23.435539960861206

-------------Round number: 78-------------
Selected clients [7, 17, 14, 2, 18, 6, 1, 12]

Evaluate local models
Averaged Train Loss: 0.0279
Averaged Test Accurancy: 0.3938
Averaged Test AUC: 0.9277
Std Test Accurancy: 0.0278
Std Test AUC: 0.0050
------------------------- time cost ------------------------- 23.5987548828125

-------------Round number: 79-------------
Selected clients [17, 12, 8, 2, 15, 13, 16, 7]

Evaluate local models
Averaged Train Loss: 0.0261
Averaged Test Accurancy: 0.3810
Averaged Test AUC: 0.9246
Std Test Accurancy: 0.0473
Std Test AUC: 0.0076
------------------------- time cost ------------------------- 24.691930532455444

-------------Round number: 80-------------
Selected clients [9, 13, 14, 1, 5, 18, 17, 19]

Evaluate local models
Averaged Train Loss: 0.0271
Averaged Test Accurancy: 0.4082
Averaged Test AUC: 0.9266
Std Test Accurancy: 0.0392
Std Test AUC: 0.0062
------------------------- time cost ------------------------- 23.76835584640503

-------------Round number: 81-------------
Selected clients [10, 3, 13, 18, 11, 15, 1, 19]

Evaluate local models
Averaged Train Loss: 0.0261
Averaged Test Accurancy: 0.4082
Averaged Test AUC: 0.9240
Std Test Accurancy: 0.0507
Std Test AUC: 0.0060
------------------------- time cost ------------------------- 23.848588943481445

-------------Round number: 82-------------
Selected clients [16, 5, 3, 6, 17, 8, 14, 1]

Evaluate local models
Averaged Train Loss: 0.0209
Averaged Test Accurancy: 0.4266
Averaged Test AUC: 0.9304
Std Test Accurancy: 0.0284
Std Test AUC: 0.0060
------------------------- time cost ------------------------- 23.483275175094604

-------------Round number: 83-------------
Selected clients [8, 2, 15, 4, 6, 17, 9, 1]

Evaluate local models
Averaged Train Loss: 0.0244
Averaged Test Accurancy: 0.4012
Averaged Test AUC: 0.9264
Std Test Accurancy: 0.0349
Std Test AUC: 0.0071
------------------------- time cost ------------------------- 23.73669195175171

-------------Round number: 84-------------
Selected clients [16, 4, 1, 0, 11, 9, 13, 14]

Evaluate local models
Averaged Train Loss: 0.0246
Averaged Test Accurancy: 0.3912
Averaged Test AUC: 0.9246
Std Test Accurancy: 0.0361
Std Test AUC: 0.0055
------------------------- time cost ------------------------- 23.707818269729614

-------------Round number: 85-------------
Selected clients [17, 13, 11, 6, 10, 19, 16, 7]

Evaluate local models
Averaged Train Loss: 0.0267
Averaged Test Accurancy: 0.3823
Averaged Test AUC: 0.9222
Std Test Accurancy: 0.0318
Std Test AUC: 0.0027
------------------------- time cost ------------------------- 23.159039974212646

-------------Round number: 86-------------
Selected clients [1, 12, 5, 14, 3, 0, 18, 7]

Evaluate local models
Averaged Train Loss: 0.0225
Averaged Test Accurancy: 0.4147
Averaged Test AUC: 0.9293
Std Test Accurancy: 0.0380
Std Test AUC: 0.0058
------------------------- time cost ------------------------- 23.998305320739746

-------------Round number: 87-------------
Selected clients [12, 11, 15, 7, 19, 4, 5, 10]

Evaluate local models
Averaged Train Loss: 0.0213
Averaged Test Accurancy: 0.3945
Averaged Test AUC: 0.9234
Std Test Accurancy: 0.0351
Std Test AUC: 0.0059
------------------------- time cost ------------------------- 23.97770643234253

-------------Round number: 88-------------
Selected clients [15, 17, 13, 3, 7, 19, 0, 6]

Evaluate local models
Averaged Train Loss: 0.0200
Averaged Test Accurancy: 0.3886
Averaged Test AUC: 0.9242
Std Test Accurancy: 0.0468
Std Test AUC: 0.0063
------------------------- time cost ------------------------- 23.729380130767822

-------------Round number: 89-------------
Selected clients [19, 4, 13, 5, 0, 7, 3, 15]

Evaluate local models
Averaged Train Loss: 0.0185
Averaged Test Accurancy: 0.4059
Averaged Test AUC: 0.9253
Std Test Accurancy: 0.0469
Std Test AUC: 0.0074
------------------------- time cost ------------------------- 24.77060341835022

-------------Round number: 90-------------
Selected clients [8, 3, 16, 1, 5, 12, 4, 10]

Evaluate local models
Averaged Train Loss: 0.0178
Averaged Test Accurancy: 0.4252
Averaged Test AUC: 0.9283
Std Test Accurancy: 0.0414
Std Test AUC: 0.0066
------------------------- time cost ------------------------- 23.647003173828125

-------------Round number: 91-------------
Selected clients [4, 3, 15, 19, 17, 16, 11, 12]

Evaluate local models
Averaged Train Loss: 0.0181
Averaged Test Accurancy: 0.3989
Averaged Test AUC: 0.9231
Std Test Accurancy: 0.0360
Std Test AUC: 0.0057
------------------------- time cost ------------------------- 24.216377019882202

-------------Round number: 92-------------
Selected clients [5, 12, 18, 9, 15, 2, 10, 16]

Evaluate local models
Averaged Train Loss: 0.0202
Averaged Test Accurancy: 0.3971
Averaged Test AUC: 0.9247
Std Test Accurancy: 0.0350
Std Test AUC: 0.0075
------------------------- time cost ------------------------- 24.012508392333984

-------------Round number: 93-------------
Selected clients [5, 11, 4, 19, 6, 18, 17, 0]

Evaluate local models
Averaged Train Loss: 0.0176
Averaged Test Accurancy: 0.4098
Averaged Test AUC: 0.9261
Std Test Accurancy: 0.0284
Std Test AUC: 0.0050
------------------------- time cost ------------------------- 23.619080066680908

-------------Round number: 94-------------
Selected clients [6, 2, 1, 18, 16, 19, 4, 17]

Evaluate local models
Averaged Train Loss: 0.0160
Averaged Test Accurancy: 0.4094
Averaged Test AUC: 0.9260
Std Test Accurancy: 0.0250
Std Test AUC: 0.0049
------------------------- time cost ------------------------- 23.765167474746704

-------------Round number: 95-------------
Selected clients [13, 17, 18, 3, 6, 15, 0, 12]

Evaluate local models
Averaged Train Loss: 0.0175
Averaged Test Accurancy: 0.3871
Averaged Test AUC: 0.9230
Std Test Accurancy: 0.0451
Std Test AUC: 0.0064
------------------------- time cost ------------------------- 23.760227918624878

-------------Round number: 96-------------
Selected clients [0, 3, 16, 13, 9, 1, 8, 5]

Evaluate local models
Averaged Train Loss: 0.0168
Averaged Test Accurancy: 0.4225
Averaged Test AUC: 0.9277
Std Test Accurancy: 0.0443
Std Test AUC: 0.0072
------------------------- time cost ------------------------- 23.766968488693237

-------------Round number: 97-------------
Selected clients [15, 2, 3, 14, 10, 4, 16, 1]

Evaluate local models
Averaged Train Loss: 0.0159
Averaged Test Accurancy: 0.4101
Averaged Test AUC: 0.9262
Std Test Accurancy: 0.0342
Std Test AUC: 0.0077
------------------------- time cost ------------------------- 24.02028203010559

-------------Round number: 98-------------
Selected clients [0, 11, 14, 9, 4, 17, 3, 19]

Evaluate local models
Averaged Train Loss: 0.0161
Averaged Test Accurancy: 0.4099
Averaged Test AUC: 0.9250
Std Test Accurancy: 0.0326
Std Test AUC: 0.0061
------------------------- time cost ------------------------- 23.828916549682617

-------------Round number: 99-------------
Selected clients [11, 0, 15, 5, 16, 7, 2, 4]

Evaluate local models
Averaged Train Loss: 0.0147
Averaged Test Accurancy: 0.3968
Averaged Test AUC: 0.9242
Std Test Accurancy: 0.0318
Std Test AUC: 0.0074
------------------------- time cost ------------------------- 24.47548198699951

-------------Round number: 100-------------
Selected clients [13, 8, 19, 7, 5, 10, 11, 18]

Evaluate local models
Averaged Train Loss: 0.0156
Averaged Test Accurancy: 0.4173
Averaged Test AUC: 0.9250
Std Test Accurancy: 0.0467
Std Test AUC: 0.0062
------------------------- time cost ------------------------- 23.635636806488037

Best global accuracy.
0.4266194331983806

Average time cost per round.
23.907276945114134
File path: ../results/Cifar100_FedAvg_reproduce_0.h5

Average time cost: 2443.95s.
Length:  101
std for best accurancy: 0.0
mean for best accurancy: 0.4266194331983806
All done!

Storage on cuda:0
-------------------------------------------------------------------------------
Total Tensors: 57331896 	Used Memory: 148.19M
The allocated memory on cuda:0: 148.19M
-------------------------------------------------------------------------------
